This is pdfTeX, Version 3.14159265-2.6-1.40.17 (MiKTeX 2.9.6100 64-bit) (preloaded format=pdflatex 2017.1.10)  1 MAY 2018 02:38
entering extended mode
**./presentation2.tex
(presentation2.tex
LaTeX2e <2016/03/31> patch level 3
Babel <3.9r> and hyphenation patterns for 75 language(s) loaded.
(C:\Users\Loic\AppData\Roaming\MiKTeX\2.9\tex\latex\beamer\beamer.cls
Document Class: beamer 2018/02/20 v3.50 A class for typesetting presentations
(C:\Users\Loic\AppData\Roaming\MiKTeX\2.9\tex\latex\beamer\beamerbasemodes.sty
(C:\Users\Loic\AppData\Roaming\MiKTeX\2.9\tex\latex\etoolbox\etoolbox.sty
Package: etoolbox 2017/01/02 v2.4 e-TeX tools for LaTeX (JAW)
\etb@tempcnta=\count79
)
\beamer@tempbox=\box26
\beamer@tempcount=\count80
\c@beamerpauses=\count81

(C:\Users\Loic\AppData\Roaming\MiKTeX\2.9\tex\latex\beamer\beamerbasedecode.sty
\beamer@slideinframe=\count82
\beamer@minimum=\count83
)
\beamer@commentbox=\box27
\beamer@modecount=\count84
) ("C:\Program Files\MiKTeX 2.9\tex\generic\oberdiek\ifpdf.sty"
Package: ifpdf 2016/05/14 v3.1 Provides the ifpdf switch
)
\headdp=\dimen102
\footheight=\dimen103
\sidebarheight=\dimen104
\beamer@tempdim=\dimen105
\beamer@finalheight=\dimen106
\beamer@animht=\dimen107
\beamer@animdp=\dimen108
\beamer@animwd=\dimen109
\beamer@leftmargin=\dimen110
\beamer@rightmargin=\dimen111
\beamer@leftsidebar=\dimen112
\beamer@rightsidebar=\dimen113
\beamer@boxsize=\dimen114
\beamer@vboxoffset=\dimen115
\beamer@descdefault=\dimen116
\beamer@descriptionwidth=\dimen117
\beamer@lastskip=\skip41
\beamer@areabox=\box28
\beamer@animcurrent=\box29
\beamer@animshowbox=\box30
\beamer@sectionbox=\box31
\beamer@logobox=\box32
\beamer@linebox=\box33
\beamer@sectioncount=\count85
\beamer@subsubsectionmax=\count86
\beamer@subsectionmax=\count87
\beamer@sectionmax=\count88
\beamer@totalheads=\count89
\beamer@headcounter=\count90
\beamer@partstartpage=\count91
\beamer@sectionstartpage=\count92
\beamer@subsectionstartpage=\count93
\beamer@animationtempa=\count94
\beamer@animationtempb=\count95
\beamer@xpos=\count96
\beamer@ypos=\count97
\beamer@ypos@offset=\count98
\beamer@showpartnumber=\count99
\beamer@currentsubsection=\count100
\beamer@coveringdepth=\count101
\beamer@sectionadjust=\count102
\beamer@tocsectionnumber=\count103

(C:\Users\Loic\AppData\Roaming\MiKTeX\2.9\tex\latex\beamer\beamerbaseoptions.st
y ("C:\Program Files\MiKTeX 2.9\tex\latex\graphics\keyval.sty"
Package: keyval 2014/10/28 v1.15 key=value parser (DPC)
\KV@toks@=\toks14
))
\beamer@paperwidth=\skip42
\beamer@paperheight=\skip43

("C:\Program Files\MiKTeX 2.9\tex\latex\geometry\geometry.sty"
Package: geometry 2010/09/12 v5.6 Page Geometry

("C:\Program Files\MiKTeX 2.9\tex\generic\oberdiek\ifvtex.sty"
Package: ifvtex 2016/05/16 v1.6 Detect VTeX and its facilities (HO)
Package ifvtex Info: VTeX not detected.
)
("C:\Program Files\MiKTeX 2.9\tex\generic\ifxetex\ifxetex.sty"
Package: ifxetex 2010/09/12 v0.6 Provides ifxetex conditional
)
\Gm@cnth=\count104
\Gm@cntv=\count105
\c@Gm@tempcnt=\count106
\Gm@bindingoffset=\dimen118
\Gm@wd@mp=\dimen119
\Gm@odd@mp=\dimen120
\Gm@even@mp=\dimen121
\Gm@layoutwidth=\dimen122
\Gm@layoutheight=\dimen123
\Gm@layouthoffset=\dimen124
\Gm@layoutvoffset=\dimen125
\Gm@dimlist=\toks15

("C:\Program Files\MiKTeX 2.9\tex\latex\geometry\geometry.cfg"))
("C:\Program Files\MiKTeX 2.9\tex\latex\base\size11.clo"
File: size11.clo 2014/09/29 v1.4h Standard LaTeX file (size option)
)
(C:\Users\Loic\AppData\Roaming\MiKTeX\2.9\tex\latex\pgf\basiclayer\pgfcore.sty
("C:\Program Files\MiKTeX 2.9\tex\latex\graphics\graphicx.sty"
Package: graphicx 2014/10/28 v1.0g Enhanced LaTeX Graphics (DPC,SPQR)

("C:\Program Files\MiKTeX 2.9\tex\latex\graphics\graphics.sty"
Package: graphics 2016/07/10 v1.0t Standard LaTeX Graphics (DPC,SPQR)

("C:\Program Files\MiKTeX 2.9\tex\latex\graphics\trig.sty"
Package: trig 2016/01/03 v1.10 sin cos tan (DPC)
)
("C:\Program Files\MiKTeX 2.9\tex\latex\graphics-cfg\graphics.cfg"
File: graphics.cfg 2016/06/04 v1.11 sample graphics configuration
)
Package graphics Info: Driver file: pdftex.def on input line 99.

("C:\Program Files\MiKTeX 2.9\tex\latex\graphics-def\pdftex.def"
File: pdftex.def 2016/07/10 v0.06j Graphics/color for pdfTeX

("C:\Program Files\MiKTeX 2.9\tex\generic\oberdiek\infwarerr.sty"
Package: infwarerr 2016/05/16 v1.4 Providing info/warning/error messages (HO)
)
("C:\Program Files\MiKTeX 2.9\tex\generic\oberdiek\ltxcmds.sty"
Package: ltxcmds 2016/05/16 v1.23 LaTeX kernel commands for general use (HO)
)
\Gread@gobject=\count107
))
\Gin@req@height=\dimen126
\Gin@req@width=\dimen127
)
(C:\Users\Loic\AppData\Roaming\MiKTeX\2.9\tex\latex\pgf\systemlayer\pgfsys.sty
(C:\Users\Loic\AppData\Roaming\MiKTeX\2.9\tex\latex\pgf\utilities\pgfrcs.sty
(C:\Users\Loic\AppData\Roaming\MiKTeX\2.9\tex\generic\pgf\utilities\pgfutil-com
mon.tex
\pgfutil@everybye=\toks16
\pgfutil@tempdima=\dimen128
\pgfutil@tempdimb=\dimen129

(C:\Users\Loic\AppData\Roaming\MiKTeX\2.9\tex\generic\pgf\utilities\pgfutil-com
mon-lists.tex))
(C:\Users\Loic\AppData\Roaming\MiKTeX\2.9\tex\generic\pgf\utilities\pgfutil-lat
ex.def
\pgfutil@abb=\box34
 (C:\Users\Loic\AppData\Roaming\MiKTeX\2.9\tex\latex\ms\everyshi.sty
Package: everyshi 2001/05/15 v3.00 EveryShipout Package (MS)
))
(C:\Users\Loic\AppData\Roaming\MiKTeX\2.9\tex\generic\pgf\utilities\pgfrcs.code
.tex
Package: pgfrcs 2015/08/07 v3.0.1a (rcs-revision 1.31)
))
(C:\Users\Loic\AppData\Roaming\MiKTeX\2.9\tex\generic\pgf\systemlayer\pgfsys.co
de.tex
Package: pgfsys 2014/07/09 v3.0.1a (rcs-revision 1.48)

(C:\Users\Loic\AppData\Roaming\MiKTeX\2.9\tex\generic\pgf\utilities\pgfkeys.cod
e.tex
\pgfkeys@pathtoks=\toks17
\pgfkeys@temptoks=\toks18

(C:\Users\Loic\AppData\Roaming\MiKTeX\2.9\tex\generic\pgf\utilities\pgfkeysfilt
ered.code.tex
\pgfkeys@tmptoks=\toks19
))
\pgf@x=\dimen130
\pgf@y=\dimen131
\pgf@xa=\dimen132
\pgf@ya=\dimen133
\pgf@xb=\dimen134
\pgf@yb=\dimen135
\pgf@xc=\dimen136
\pgf@yc=\dimen137
\w@pgf@writea=\write3
\r@pgf@reada=\read1
\c@pgf@counta=\count108
\c@pgf@countb=\count109
\c@pgf@countc=\count110
\c@pgf@countd=\count111
\t@pgf@toka=\toks20
\t@pgf@tokb=\toks21
\t@pgf@tokc=\toks22

(C:\Users\Loic\AppData\Roaming\MiKTeX\2.9\tex\generic\pgf\systemlayer\pgf.cfg
File: pgf.cfg 2008/05/14  (rcs-revision 1.7)
)
Driver file for pgf: pgfsys-pdftex.def

(C:\Users\Loic\AppData\Roaming\MiKTeX\2.9\tex\generic\pgf\systemlayer\pgfsys-pd
ftex.def
File: pgfsys-pdftex.def 2014/10/11  (rcs-revision 1.35)

(C:\Users\Loic\AppData\Roaming\MiKTeX\2.9\tex\generic\pgf\systemlayer\pgfsys-co
mmon-pdf.def
File: pgfsys-common-pdf.def 2013/10/10  (rcs-revision 1.13)
)))
(C:\Users\Loic\AppData\Roaming\MiKTeX\2.9\tex\generic\pgf\systemlayer\pgfsyssof
tpath.code.tex
File: pgfsyssoftpath.code.tex 2013/09/09  (rcs-revision 1.9)
\pgfsyssoftpath@smallbuffer@items=\count112
\pgfsyssoftpath@bigbuffer@items=\count113
)
(C:\Users\Loic\AppData\Roaming\MiKTeX\2.9\tex\generic\pgf\systemlayer\pgfsyspro
tocol.code.tex
File: pgfsysprotocol.code.tex 2006/10/16  (rcs-revision 1.4)
))
(C:\Users\Loic\AppData\Roaming\MiKTeX\2.9\tex\latex\xcolor\xcolor.sty
Package: xcolor 2016/05/11 v2.12 LaTeX color extensions (UK)

("C:\Program Files\MiKTeX 2.9\tex\latex\graphics-cfg\color.cfg"
File: color.cfg 2016/01/02 v1.6 sample color configuration
)
Package xcolor Info: Driver file: pdftex.def on input line 225.
Package xcolor Info: Model `cmy' substituted by `cmy0' on input line 1348.
Package xcolor Info: Model `hsb' substituted by `rgb' on input line 1352.
Package xcolor Info: Model `RGB' extended on input line 1364.
Package xcolor Info: Model `HTML' substituted by `rgb' on input line 1366.
Package xcolor Info: Model `Hsb' substituted by `hsb' on input line 1367.
Package xcolor Info: Model `tHsb' substituted by `hsb' on input line 1368.
Package xcolor Info: Model `HSB' substituted by `hsb' on input line 1369.
Package xcolor Info: Model `Gray' substituted by `gray' on input line 1370.
Package xcolor Info: Model `wave' substituted by `hsb' on input line 1371.
)
(C:\Users\Loic\AppData\Roaming\MiKTeX\2.9\tex\generic\pgf\basiclayer\pgfcore.co
de.tex
Package: pgfcore 2010/04/11 v3.0.1a (rcs-revision 1.7)

(C:\Users\Loic\AppData\Roaming\MiKTeX\2.9\tex\generic\pgf\math\pgfmath.code.tex

(C:\Users\Loic\AppData\Roaming\MiKTeX\2.9\tex\generic\pgf\math\pgfmathcalc.code
.tex
(C:\Users\Loic\AppData\Roaming\MiKTeX\2.9\tex\generic\pgf\math\pgfmathutil.code
.tex)
(C:\Users\Loic\AppData\Roaming\MiKTeX\2.9\tex\generic\pgf\math\pgfmathparser.co
de.tex
\pgfmath@dimen=\dimen138
\pgfmath@count=\count114
\pgfmath@box=\box35
\pgfmath@toks=\toks23
\pgfmath@stack@operand=\toks24
\pgfmath@stack@operation=\toks25
)
(C:\Users\Loic\AppData\Roaming\MiKTeX\2.9\tex\generic\pgf\math\pgfmathfunctions
.code.tex
(C:\Users\Loic\AppData\Roaming\MiKTeX\2.9\tex\generic\pgf\math\pgfmathfunctions
.basic.code.tex)
(C:\Users\Loic\AppData\Roaming\MiKTeX\2.9\tex\generic\pgf\math\pgfmathfunctions
.trigonometric.code.tex)
(C:\Users\Loic\AppData\Roaming\MiKTeX\2.9\tex\generic\pgf\math\pgfmathfunctions
.random.code.tex)
(C:\Users\Loic\AppData\Roaming\MiKTeX\2.9\tex\generic\pgf\math\pgfmathfunctions
.comparison.code.tex)
(C:\Users\Loic\AppData\Roaming\MiKTeX\2.9\tex\generic\pgf\math\pgfmathfunctions
.base.code.tex)
(C:\Users\Loic\AppData\Roaming\MiKTeX\2.9\tex\generic\pgf\math\pgfmathfunctions
.round.code.tex)
(C:\Users\Loic\AppData\Roaming\MiKTeX\2.9\tex\generic\pgf\math\pgfmathfunctions
.misc.code.tex)
(C:\Users\Loic\AppData\Roaming\MiKTeX\2.9\tex\generic\pgf\math\pgfmathfunctions
.integerarithmetics.code.tex)))
(C:\Users\Loic\AppData\Roaming\MiKTeX\2.9\tex\generic\pgf\math\pgfmathfloat.cod
e.tex
\c@pgfmathroundto@lastzeros=\count115
))
(C:\Users\Loic\AppData\Roaming\MiKTeX\2.9\tex\generic\pgf\basiclayer\pgfcorepoi
nts.code.tex
File: pgfcorepoints.code.tex 2013/10/07  (rcs-revision 1.27)
\pgf@picminx=\dimen139
\pgf@picmaxx=\dimen140
\pgf@picminy=\dimen141
\pgf@picmaxy=\dimen142
\pgf@pathminx=\dimen143
\pgf@pathmaxx=\dimen144
\pgf@pathminy=\dimen145
\pgf@pathmaxy=\dimen146
\pgf@xx=\dimen147
\pgf@xy=\dimen148
\pgf@yx=\dimen149
\pgf@yy=\dimen150
\pgf@zx=\dimen151
\pgf@zy=\dimen152
)
(C:\Users\Loic\AppData\Roaming\MiKTeX\2.9\tex\generic\pgf\basiclayer\pgfcorepat
hconstruct.code.tex
File: pgfcorepathconstruct.code.tex 2013/10/07  (rcs-revision 1.29)
\pgf@path@lastx=\dimen153
\pgf@path@lasty=\dimen154
)
(C:\Users\Loic\AppData\Roaming\MiKTeX\2.9\tex\generic\pgf\basiclayer\pgfcorepat
husage.code.tex
File: pgfcorepathusage.code.tex 2014/11/02  (rcs-revision 1.24)
\pgf@shorten@end@additional=\dimen155
\pgf@shorten@start@additional=\dimen156
)
(C:\Users\Loic\AppData\Roaming\MiKTeX\2.9\tex\generic\pgf\basiclayer\pgfcoresco
pes.code.tex
File: pgfcorescopes.code.tex 2015/05/08  (rcs-revision 1.46)
\pgfpic=\box36
\pgf@hbox=\box37
\pgf@layerbox@main=\box38
\pgf@picture@serial@count=\count116
)
(C:\Users\Loic\AppData\Roaming\MiKTeX\2.9\tex\generic\pgf\basiclayer\pgfcoregra
phicstate.code.tex
File: pgfcoregraphicstate.code.tex 2014/11/02  (rcs-revision 1.12)
\pgflinewidth=\dimen157
)
(C:\Users\Loic\AppData\Roaming\MiKTeX\2.9\tex\generic\pgf\basiclayer\pgfcoretra
nsformations.code.tex
File: pgfcoretransformations.code.tex 2015/08/07  (rcs-revision 1.20)
\pgf@pt@x=\dimen158
\pgf@pt@y=\dimen159
\pgf@pt@temp=\dimen160
)
(C:\Users\Loic\AppData\Roaming\MiKTeX\2.9\tex\generic\pgf\basiclayer\pgfcorequi
ck.code.tex
File: pgfcorequick.code.tex 2008/10/09  (rcs-revision 1.3)
)
(C:\Users\Loic\AppData\Roaming\MiKTeX\2.9\tex\generic\pgf\basiclayer\pgfcoreobj
ects.code.tex
File: pgfcoreobjects.code.tex 2006/10/11  (rcs-revision 1.2)
)
(C:\Users\Loic\AppData\Roaming\MiKTeX\2.9\tex\generic\pgf\basiclayer\pgfcorepat
hprocessing.code.tex
File: pgfcorepathprocessing.code.tex 2013/09/09  (rcs-revision 1.9)
)
(C:\Users\Loic\AppData\Roaming\MiKTeX\2.9\tex\generic\pgf\basiclayer\pgfcorearr
ows.code.tex
File: pgfcorearrows.code.tex 2015/05/14  (rcs-revision 1.43)
\pgfarrowsep=\dimen161
)
(C:\Users\Loic\AppData\Roaming\MiKTeX\2.9\tex\generic\pgf\basiclayer\pgfcoresha
de.code.tex
File: pgfcoreshade.code.tex 2013/07/15  (rcs-revision 1.15)
\pgf@max=\dimen162
\pgf@sys@shading@range@num=\count117
)
(C:\Users\Loic\AppData\Roaming\MiKTeX\2.9\tex\generic\pgf\basiclayer\pgfcoreima
ge.code.tex
File: pgfcoreimage.code.tex 2013/07/15  (rcs-revision 1.18)

(C:\Users\Loic\AppData\Roaming\MiKTeX\2.9\tex\generic\pgf\basiclayer\pgfcoreext
ernal.code.tex
File: pgfcoreexternal.code.tex 2014/07/09  (rcs-revision 1.21)
\pgfexternal@startupbox=\box39
))
(C:\Users\Loic\AppData\Roaming\MiKTeX\2.9\tex\generic\pgf\basiclayer\pgfcorelay
ers.code.tex
File: pgfcorelayers.code.tex 2013/07/18  (rcs-revision 1.7)
)
(C:\Users\Loic\AppData\Roaming\MiKTeX\2.9\tex\generic\pgf\basiclayer\pgfcoretra
nsparency.code.tex
File: pgfcoretransparency.code.tex 2013/09/30  (rcs-revision 1.5)
)
(C:\Users\Loic\AppData\Roaming\MiKTeX\2.9\tex\generic\pgf\basiclayer\pgfcorepat
terns.code.tex
File: pgfcorepatterns.code.tex 2013/11/07  (rcs-revision 1.5)
)))
(C:\Users\Loic\AppData\Roaming\MiKTeX\2.9\tex\latex\pgf\utilities\xxcolor.sty
Package: xxcolor 2003/10/24 ver 0.1
\XC@nummixins=\count118
\XC@countmixins=\count119
)
("C:\Program Files\MiKTeX 2.9\tex\generic\oberdiek\atbegshi.sty"
Package: atbegshi 2016/06/09 v1.18 At begin shipout hook (HO)
)
("C:\Program Files\MiKTeX 2.9\tex\latex\hyperref\hyperref.sty"
Package: hyperref 2016/06/24 v6.83q Hypertext links for LaTeX

("C:\Program Files\MiKTeX 2.9\tex\generic\oberdiek\hobsub-hyperref.sty"
Package: hobsub-hyperref 2016/05/16 v1.14 Bundle oberdiek, subset hyperref (HO)


("C:\Program Files\MiKTeX 2.9\tex\generic\oberdiek\hobsub-generic.sty"
Package: hobsub-generic 2016/05/16 v1.14 Bundle oberdiek, subset generic (HO)
Package: hobsub 2016/05/16 v1.14 Construct package bundles (HO)
Package hobsub Info: Skipping package `infwarerr' (already loaded).
Package hobsub Info: Skipping package `ltxcmds' (already loaded).
Package: ifluatex 2016/05/16 v1.4 Provides the ifluatex switch (HO)
Package ifluatex Info: LuaTeX not detected.
Package hobsub Info: Skipping package `ifvtex' (already loaded).
Package: intcalc 2016/05/16 v1.2 Expandable calculations with integers (HO)
Package hobsub Info: Skipping package `ifpdf' (already loaded).
Package: etexcmds 2016/05/16 v1.6 Avoid name clashes with e-TeX commands (HO)
Package etexcmds Info: Could not find \expanded.
(etexcmds)             That can mean that you are not using pdfTeX 1.50 or
(etexcmds)             that some package has redefined \expanded.
(etexcmds)             In the latter case, load this package earlier.
Package: kvsetkeys 2016/05/16 v1.17 Key value parser (HO)
Package: kvdefinekeys 2016/05/16 v1.4 Define keys (HO)
Package: pdftexcmds 2016/05/21 v0.22 Utility functions of pdfTeX for LuaTeX (HO
)
Package pdftexcmds Info: LuaTeX not detected.
Package pdftexcmds Info: \pdf@primitive is available.
Package pdftexcmds Info: \pdf@ifprimitive is available.
Package pdftexcmds Info: \pdfdraftmode found.
Package: pdfescape 2016/05/16 v1.14 Implements pdfTeX's escape features (HO)
Package: bigintcalc 2016/05/16 v1.4 Expandable calculations on big integers (HO
)
Package: bitset 2016/05/16 v1.2 Handle bit-vector datatype (HO)
Package: uniquecounter 2016/05/16 v1.3 Provide unlimited unique counter (HO)
)
Package hobsub Info: Skipping package `hobsub' (already loaded).
Package: letltxmacro 2016/05/16 v1.5 Let assignment for LaTeX macros (HO)
Package: hopatch 2016/05/16 v1.3 Wrapper for package hooks (HO)
Package: xcolor-patch 2016/05/16 xcolor patch
Package: atveryend 2016/05/16 v1.9 Hooks at the very end of document (HO)
Package hobsub Info: Skipping package `atbegshi' (already loaded).
Package: refcount 2016/05/16 v3.5 Data extraction from label references (HO)
Package: hycolor 2016/05/16 v1.8 Color options for hyperref/bookmark (HO)
)
("C:\Program Files\MiKTeX 2.9\tex\latex\oberdiek\auxhook.sty"
Package: auxhook 2016/05/16 v1.4 Hooks for auxiliary files (HO)
)
("C:\Program Files\MiKTeX 2.9\tex\latex\oberdiek\kvoptions.sty"
Package: kvoptions 2016/05/16 v3.12 Key value format for package options (HO)
)
\@linkdim=\dimen163
\Hy@linkcounter=\count120
\Hy@pagecounter=\count121

("C:\Program Files\MiKTeX 2.9\tex\latex\hyperref\pd1enc.def"
File: pd1enc.def 2016/06/24 v6.83q Hyperref: PDFDocEncoding definition (HO)
)
\Hy@SavedSpaceFactor=\count122

("C:\Program Files\MiKTeX 2.9\tex\latex\00miktex\hyperref.cfg"
File: hyperref.cfg 2002/06/06 v1.2 hyperref configuration of TeXLive
)
Package hyperref Info: Option `bookmarks' set `true' on input line 4362.
Package hyperref Info: Option `bookmarksopen' set `true' on input line 4362.
Package hyperref Info: Option `implicit' set `false' on input line 4362.
Package hyperref Info: Hyper figures OFF on input line 4486.
Package hyperref Info: Link nesting OFF on input line 4491.
Package hyperref Info: Hyper index ON on input line 4494.
Package hyperref Info: Plain pages OFF on input line 4501.
Package hyperref Info: Backreferencing OFF on input line 4506.
Package hyperref Info: Implicit mode OFF; no redefinition of LaTeX internals.
Package hyperref Info: Bookmarks ON on input line 4735.
\c@Hy@tempcnt=\count123

(C:\Users\Loic\AppData\Roaming\MiKTeX\2.9\tex\latex\url\url.sty
\Urlmuskip=\muskip10
Package: url 2013/09/16  ver 3.4  Verb mode for urls, etc.
)
LaTeX Info: Redefining \url on input line 5088.
\XeTeXLinkMargin=\dimen164
\Fld@menulength=\count124
\Field@Width=\dimen165
\Fld@charsize=\dimen166
Package hyperref Info: Hyper figures OFF on input line 6342.
Package hyperref Info: Link nesting OFF on input line 6347.
Package hyperref Info: Hyper index ON on input line 6350.
Package hyperref Info: backreferencing OFF on input line 6357.
Package hyperref Info: Link coloring OFF on input line 6362.
Package hyperref Info: Link coloring with OCG OFF on input line 6367.
Package hyperref Info: PDF/A mode OFF on input line 6372.
LaTeX Info: Redefining \ref on input line 6412.
LaTeX Info: Redefining \pageref on input line 6416.
\Hy@abspage=\count125


Package hyperref Message: Stopped early.

)

Package hyperref Message: Driver (autodetected): hpdftex.

("C:\Program Files\MiKTeX 2.9\tex\latex\hyperref\hpdftex.def"
File: hpdftex.def 2016/06/24 v6.83q Hyperref driver for pdfTeX
\Fld@listcount=\count126
\c@bookmark@seq@number=\count127

("C:\Program Files\MiKTeX 2.9\tex\latex\oberdiek\rerunfilecheck.sty"
Package: rerunfilecheck 2016/05/16 v1.8 Rerun checks for auxiliary files (HO)
Package uniquecounter Info: New unique counter `rerunfilecheck' on input line 2
82.
))
(C:\Users\Loic\AppData\Roaming\MiKTeX\2.9\tex\latex\beamer\beamerbaserequires.s
ty
(C:\Users\Loic\AppData\Roaming\MiKTeX\2.9\tex\latex\beamer\beamerbasecompatibil
ity.sty)
(C:\Users\Loic\AppData\Roaming\MiKTeX\2.9\tex\latex\beamer\beamerbasefont.sty
("C:\Program Files\MiKTeX 2.9\tex\latex\amsfonts\amssymb.sty"
Package: amssymb 2013/01/14 v3.01 AMS font symbols

("C:\Program Files\MiKTeX 2.9\tex\latex\amsfonts\amsfonts.sty"
Package: amsfonts 2013/01/14 v3.01 Basic AMSFonts support
\@emptytoks=\toks26
\symAMSa=\mathgroup4
\symAMSb=\mathgroup5
LaTeX Font Info:    Overwriting math alphabet `\mathfrak' in version `bold'
(Font)                  U/euf/m/n --> U/euf/b/n on input line 106.
))
(C:\Users\Loic\AppData\Roaming\MiKTeX\2.9\tex\latex\sansmathaccent\sansmathacce
nt.sty
Package: sansmathaccent 2013/03/28

(C:\Users\Loic\AppData\Roaming\MiKTeX\2.9\tex\latex\filehook\filehook.sty
Package: filehook 2011/10/12 v0.5d Hooks for input files
)))
(C:\Users\Loic\AppData\Roaming\MiKTeX\2.9\tex\latex\beamer\beamerbasetranslator
.sty
(C:\Users\Loic\AppData\Roaming\MiKTeX\2.9\tex\latex\translator\translator.sty
Package: translator 2018/01/04 v1.12 Easy translation of strings in LaTeX
)) (C:\Users\Loic\AppData\Roaming\MiKTeX\2.9\tex\latex\beamer\beamerbasemisc.st
y)
(C:\Users\Loic\AppData\Roaming\MiKTeX\2.9\tex\latex\beamer\beamerbasetwoscreens
.sty)
(C:\Users\Loic\AppData\Roaming\MiKTeX\2.9\tex\latex\beamer\beamerbaseoverlay.st
y
\beamer@argscount=\count128
\beamer@lastskipcover=\skip44
\beamer@trivlistdepth=\count129
)
(C:\Users\Loic\AppData\Roaming\MiKTeX\2.9\tex\latex\beamer\beamerbasetitle.sty)

(C:\Users\Loic\AppData\Roaming\MiKTeX\2.9\tex\latex\beamer\beamerbasesection.st
y
\c@lecture=\count130
\c@part=\count131
\c@section=\count132
\c@subsection=\count133
\c@subsubsection=\count134
)
(C:\Users\Loic\AppData\Roaming\MiKTeX\2.9\tex\latex\beamer\beamerbaseframe.sty
\beamer@framebox=\box40
\beamer@frametitlebox=\box41
\beamer@zoombox=\box42
\beamer@zoomcount=\count135
\beamer@zoomframecount=\count136
\beamer@frametextheight=\dimen167
\c@subsectionslide=\count137
\beamer@frametopskip=\skip45
\beamer@framebottomskip=\skip46
\beamer@frametopskipautobreak=\skip47
\beamer@framebottomskipautobreak=\skip48
\beamer@envbody=\toks27
\framewidth=\dimen168
\c@framenumber=\count138
)
(C:\Users\Loic\AppData\Roaming\MiKTeX\2.9\tex\latex\beamer\beamerbaseverbatim.s
ty
\beamer@verbatimfileout=\write4
)
(C:\Users\Loic\AppData\Roaming\MiKTeX\2.9\tex\latex\beamer\beamerbaseframesize.
sty
\beamer@splitbox=\box43
\beamer@autobreakcount=\count139
\beamer@autobreaklastheight=\dimen169
\beamer@frametitletoks=\toks28
\beamer@framesubtitletoks=\toks29
)
(C:\Users\Loic\AppData\Roaming\MiKTeX\2.9\tex\latex\beamer\beamerbaseframecompo
nents.sty
\beamer@footins=\box44
)
(C:\Users\Loic\AppData\Roaming\MiKTeX\2.9\tex\latex\beamer\beamerbasecolor.sty
\beamer@bg@ht=\dimen170
\beamer@bg@wd=\dimen171
\beamer@bg@dp=\dimen172
) (C:\Users\Loic\AppData\Roaming\MiKTeX\2.9\tex\latex\beamer\beamerbasenotes.st
y
\beamer@frameboxcopy=\box45
) (C:\Users\Loic\AppData\Roaming\MiKTeX\2.9\tex\latex\beamer\beamerbasetoc.sty)

(C:\Users\Loic\AppData\Roaming\MiKTeX\2.9\tex\latex\beamer\beamerbasetemplates.
sty
\beamer@sbttoks=\toks30

(C:\Users\Loic\AppData\Roaming\MiKTeX\2.9\tex\latex\beamer\beamerbaseauxtemplat
es.sty
(C:\Users\Loic\AppData\Roaming\MiKTeX\2.9\tex\latex\beamer\beamerbaseboxes.sty
\bmb@box=\box46
\bmb@colorbox=\box47
\bmb@boxshadow=\box48
\bmb@boxshadowball=\box49
\bmb@boxshadowballlarge=\box50
\bmb@temp=\dimen173
\bmb@dima=\dimen174
\bmb@dimb=\dimen175
\bmb@prevheight=\dimen176
)
\beamer@blockheadheight=\dimen177
))
(C:\Users\Loic\AppData\Roaming\MiKTeX\2.9\tex\latex\beamer\beamerbaselocalstruc
ture.sty ("C:\Program Files\MiKTeX 2.9\tex\latex\tools\enumerate.sty"
Package: enumerate 2015/07/23 v3.00 enumerate extensions (DPC)
\@enLab=\toks31
)
\c@figure=\count140
\c@table=\count141
\abovecaptionskip=\skip49
\belowcaptionskip=\skip50
)
(C:\Users\Loic\AppData\Roaming\MiKTeX\2.9\tex\latex\beamer\beamerbasenavigation
.sty
\beamer@section@min@dim=\dimen178
)
(C:\Users\Loic\AppData\Roaming\MiKTeX\2.9\tex\latex\beamer\beamerbasetheorems.s
ty ("C:\Program Files\MiKTeX 2.9\tex\latex\amsmath\amsmath.sty"
Package: amsmath 2016/06/28 v2.15d AMS math features
\@mathmargin=\skip51

For additional information on amsmath, use the `?' option.
("C:\Program Files\MiKTeX 2.9\tex\latex\amsmath\amstext.sty"
Package: amstext 2000/06/29 v2.01 AMS text

("C:\Program Files\MiKTeX 2.9\tex\latex\amsmath\amsgen.sty"
File: amsgen.sty 1999/11/30 v2.0 generic functions
\@emptytoks=\toks32
\ex@=\dimen179
))
("C:\Program Files\MiKTeX 2.9\tex\latex\amsmath\amsbsy.sty"
Package: amsbsy 1999/11/29 v1.2d Bold Symbols
\pmbraise@=\dimen180
)
("C:\Program Files\MiKTeX 2.9\tex\latex\amsmath\amsopn.sty"
Package: amsopn 2016/03/08 v2.02 operator names
)
\inf@bad=\count142
LaTeX Info: Redefining \frac on input line 199.
\uproot@=\count143
\leftroot@=\count144
LaTeX Info: Redefining \overline on input line 297.
\classnum@=\count145
\DOTSCASE@=\count146
LaTeX Info: Redefining \ldots on input line 394.
LaTeX Info: Redefining \dots on input line 397.
LaTeX Info: Redefining \cdots on input line 518.
\Mathstrutbox@=\box51
\strutbox@=\box52
\big@size=\dimen181
LaTeX Font Info:    Redeclaring font encoding OML on input line 634.
LaTeX Font Info:    Redeclaring font encoding OMS on input line 635.
\macc@depth=\count147
\c@MaxMatrixCols=\count148
\dotsspace@=\muskip11
\c@parentequation=\count149
\dspbrk@lvl=\count150
\tag@help=\toks33
\row@=\count151
\column@=\count152
\maxfields@=\count153
\andhelp@=\toks34
\eqnshift@=\dimen182
\alignsep@=\dimen183
\tagshift@=\dimen184
\tagwidth@=\dimen185
\totwidth@=\dimen186
\lineht@=\dimen187
\@envbody=\toks35
\multlinegap=\skip52
\multlinetaggap=\skip53
\mathdisplay@stack=\toks36
LaTeX Info: Redefining \[ on input line 2739.
LaTeX Info: Redefining \] on input line 2740.
)
("C:\Program Files\MiKTeX 2.9\tex\latex\amscls\amsthm.sty"
Package: amsthm 2015/03/04 v2.20.2
\thm@style=\toks37
\thm@bodyfont=\toks38
\thm@headfont=\toks39
\thm@notefont=\toks40
\thm@headpunct=\toks41
\thm@preskip=\skip54
\thm@postskip=\skip55
\thm@headsep=\skip56
\dth@everypar=\toks42
)
\c@theorem=\count154
)
(C:\Users\Loic\AppData\Roaming\MiKTeX\2.9\tex\latex\beamer\beamerbasethemes.sty
))
(C:\Users\Loic\AppData\Roaming\MiKTeX\2.9\tex\latex\beamer\beamerthemedefault.s
ty
(C:\Users\Loic\AppData\Roaming\MiKTeX\2.9\tex\latex\beamer\beamerfontthemedefau
lt.sty)
(C:\Users\Loic\AppData\Roaming\MiKTeX\2.9\tex\latex\beamer\beamercolorthemedefa
ult.sty)
(C:\Users\Loic\AppData\Roaming\MiKTeX\2.9\tex\latex\beamer\beamerinnerthemedefa
ult.sty
\beamer@dima=\dimen188
\beamer@dimb=\dimen189
)
(C:\Users\Loic\AppData\Roaming\MiKTeX\2.9\tex\latex\beamer\beamerouterthemedefa
ult.sty)))
(C:\Users\Loic\AppData\Roaming\MiKTeX\2.9\tex\latex\beamer\beamerthemeMadrid.st
y
(C:\Users\Loic\AppData\Roaming\MiKTeX\2.9\tex\latex\beamer\beamercolorthemewhal
e.sty)
(C:\Users\Loic\AppData\Roaming\MiKTeX\2.9\tex\latex\beamer\beamercolorthemeorch
id.sty)
(C:\Users\Loic\AppData\Roaming\MiKTeX\2.9\tex\latex\beamer\beamerinnerthemeroun
ded.sty)
(C:\Users\Loic\AppData\Roaming\MiKTeX\2.9\tex\latex\beamer\beamerouterthemeinfo
lines.sty))
(C:\Users\Loic\AppData\Roaming\MiKTeX\2.9\tex\latex\booktabs\booktabs.sty
Package: booktabs 2005/04/14 v1.61803 publication quality tables
\heavyrulewidth=\dimen190
\lightrulewidth=\dimen191
\cmidrulewidth=\dimen192
\belowrulesep=\dimen193
\belowbottomsep=\dimen194
\aboverulesep=\dimen195
\abovetopsep=\dimen196
\cmidrulesep=\dimen197
\cmidrulekern=\dimen198
\defaultaddspace=\dimen199
\@cmidla=\count155
\@cmidlb=\count156
\@aboverulesep=\dimen256
\@belowrulesep=\dimen257
\@thisruleclass=\count157
\@lastruleclass=\count158
\@thisrulewidth=\dimen258
)
("C:\Program Files\MiKTeX 2.9\tex\latex\base\inputenc.sty"
Package: inputenc 2015/03/17 v1.2c Input encoding file
\inpenc@prehook=\toks43
\inpenc@posthook=\toks44

("C:\Program Files\MiKTeX 2.9\tex\latex\base\utf8.def"
File: utf8.def 2016/02/28 v1.1s UTF-8 support for inputenc
Now handling font encoding OML ...
... no UTF-8 mapping file for font encoding OML
Now handling font encoding T1 ...
... processing UTF-8 mapping file for font encoding T1

("C:\Program Files\MiKTeX 2.9\tex\latex\base\t1enc.dfu"
File: t1enc.dfu 2016/02/28 v1.1s UTF-8 support for inputenc
   defining Unicode char U+00A0 (decimal 160)
   defining Unicode char U+00A1 (decimal 161)
   defining Unicode char U+00A3 (decimal 163)
   defining Unicode char U+00AB (decimal 171)
   defining Unicode char U+00AD (decimal 173)
   defining Unicode char U+00BB (decimal 187)
   defining Unicode char U+00BF (decimal 191)
   defining Unicode char U+00C0 (decimal 192)
   defining Unicode char U+00C1 (decimal 193)
   defining Unicode char U+00C2 (decimal 194)
   defining Unicode char U+00C3 (decimal 195)
   defining Unicode char U+00C4 (decimal 196)
   defining Unicode char U+00C5 (decimal 197)
   defining Unicode char U+00C6 (decimal 198)
   defining Unicode char U+00C7 (decimal 199)
   defining Unicode char U+00C8 (decimal 200)
   defining Unicode char U+00C9 (decimal 201)
   defining Unicode char U+00CA (decimal 202)
   defining Unicode char U+00CB (decimal 203)
   defining Unicode char U+00CC (decimal 204)
   defining Unicode char U+00CD (decimal 205)
   defining Unicode char U+00CE (decimal 206)
   defining Unicode char U+00CF (decimal 207)
   defining Unicode char U+00D0 (decimal 208)
   defining Unicode char U+00D1 (decimal 209)
   defining Unicode char U+00D2 (decimal 210)
   defining Unicode char U+00D3 (decimal 211)
   defining Unicode char U+00D4 (decimal 212)
   defining Unicode char U+00D5 (decimal 213)
   defining Unicode char U+00D6 (decimal 214)
   defining Unicode char U+00D8 (decimal 216)
   defining Unicode char U+00D9 (decimal 217)
   defining Unicode char U+00DA (decimal 218)
   defining Unicode char U+00DB (decimal 219)
   defining Unicode char U+00DC (decimal 220)
   defining Unicode char U+00DD (decimal 221)
   defining Unicode char U+00DE (decimal 222)
   defining Unicode char U+00DF (decimal 223)
   defining Unicode char U+00E0 (decimal 224)
   defining Unicode char U+00E1 (decimal 225)
   defining Unicode char U+00E2 (decimal 226)
   defining Unicode char U+00E3 (decimal 227)
   defining Unicode char U+00E4 (decimal 228)
   defining Unicode char U+00E5 (decimal 229)
   defining Unicode char U+00E6 (decimal 230)
   defining Unicode char U+00E7 (decimal 231)
   defining Unicode char U+00E8 (decimal 232)
   defining Unicode char U+00E9 (decimal 233)
   defining Unicode char U+00EA (decimal 234)
   defining Unicode char U+00EB (decimal 235)
   defining Unicode char U+00EC (decimal 236)
   defining Unicode char U+00ED (decimal 237)
   defining Unicode char U+00EE (decimal 238)
   defining Unicode char U+00EF (decimal 239)
   defining Unicode char U+00F0 (decimal 240)
   defining Unicode char U+00F1 (decimal 241)
   defining Unicode char U+00F2 (decimal 242)
   defining Unicode char U+00F3 (decimal 243)
   defining Unicode char U+00F4 (decimal 244)
   defining Unicode char U+00F5 (decimal 245)
   defining Unicode char U+00F6 (decimal 246)
   defining Unicode char U+00F8 (decimal 248)
   defining Unicode char U+00F9 (decimal 249)
   defining Unicode char U+00FA (decimal 250)
   defining Unicode char U+00FB (decimal 251)
   defining Unicode char U+00FC (decimal 252)
   defining Unicode char U+00FD (decimal 253)
   defining Unicode char U+00FE (decimal 254)
   defining Unicode char U+00FF (decimal 255)
   defining Unicode char U+0100 (decimal 256)
   defining Unicode char U+0101 (decimal 257)
   defining Unicode char U+0102 (decimal 258)
   defining Unicode char U+0103 (decimal 259)
   defining Unicode char U+0104 (decimal 260)
   defining Unicode char U+0105 (decimal 261)
   defining Unicode char U+0106 (decimal 262)
   defining Unicode char U+0107 (decimal 263)
   defining Unicode char U+0108 (decimal 264)
   defining Unicode char U+0109 (decimal 265)
   defining Unicode char U+010A (decimal 266)
   defining Unicode char U+010B (decimal 267)
   defining Unicode char U+010C (decimal 268)
   defining Unicode char U+010D (decimal 269)
   defining Unicode char U+010E (decimal 270)
   defining Unicode char U+010F (decimal 271)
   defining Unicode char U+0110 (decimal 272)
   defining Unicode char U+0111 (decimal 273)
   defining Unicode char U+0112 (decimal 274)
   defining Unicode char U+0113 (decimal 275)
   defining Unicode char U+0114 (decimal 276)
   defining Unicode char U+0115 (decimal 277)
   defining Unicode char U+0116 (decimal 278)
   defining Unicode char U+0117 (decimal 279)
   defining Unicode char U+0118 (decimal 280)
   defining Unicode char U+0119 (decimal 281)
   defining Unicode char U+011A (decimal 282)
   defining Unicode char U+011B (decimal 283)
   defining Unicode char U+011C (decimal 284)
   defining Unicode char U+011D (decimal 285)
   defining Unicode char U+011E (decimal 286)
   defining Unicode char U+011F (decimal 287)
   defining Unicode char U+0120 (decimal 288)
   defining Unicode char U+0121 (decimal 289)
   defining Unicode char U+0122 (decimal 290)
   defining Unicode char U+0123 (decimal 291)
   defining Unicode char U+0124 (decimal 292)
   defining Unicode char U+0125 (decimal 293)
   defining Unicode char U+0128 (decimal 296)
   defining Unicode char U+0129 (decimal 297)
   defining Unicode char U+012A (decimal 298)
   defining Unicode char U+012B (decimal 299)
   defining Unicode char U+012C (decimal 300)
   defining Unicode char U+012D (decimal 301)
   defining Unicode char U+012E (decimal 302)
   defining Unicode char U+012F (decimal 303)
   defining Unicode char U+0130 (decimal 304)
   defining Unicode char U+0131 (decimal 305)
   defining Unicode char U+0132 (decimal 306)
   defining Unicode char U+0133 (decimal 307)
   defining Unicode char U+0134 (decimal 308)
   defining Unicode char U+0135 (decimal 309)
   defining Unicode char U+0136 (decimal 310)
   defining Unicode char U+0137 (decimal 311)
   defining Unicode char U+0139 (decimal 313)
   defining Unicode char U+013A (decimal 314)
   defining Unicode char U+013B (decimal 315)
   defining Unicode char U+013C (decimal 316)
   defining Unicode char U+013D (decimal 317)
   defining Unicode char U+013E (decimal 318)
   defining Unicode char U+0141 (decimal 321)
   defining Unicode char U+0142 (decimal 322)
   defining Unicode char U+0143 (decimal 323)
   defining Unicode char U+0144 (decimal 324)
   defining Unicode char U+0145 (decimal 325)
   defining Unicode char U+0146 (decimal 326)
   defining Unicode char U+0147 (decimal 327)
   defining Unicode char U+0148 (decimal 328)
   defining Unicode char U+014A (decimal 330)
   defining Unicode char U+014B (decimal 331)
   defining Unicode char U+014C (decimal 332)
   defining Unicode char U+014D (decimal 333)
   defining Unicode char U+014E (decimal 334)
   defining Unicode char U+014F (decimal 335)
   defining Unicode char U+0150 (decimal 336)
   defining Unicode char U+0151 (decimal 337)
   defining Unicode char U+0152 (decimal 338)
   defining Unicode char U+0153 (decimal 339)
   defining Unicode char U+0154 (decimal 340)
   defining Unicode char U+0155 (decimal 341)
   defining Unicode char U+0156 (decimal 342)
   defining Unicode char U+0157 (decimal 343)
   defining Unicode char U+0158 (decimal 344)
   defining Unicode char U+0159 (decimal 345)
   defining Unicode char U+015A (decimal 346)
   defining Unicode char U+015B (decimal 347)
   defining Unicode char U+015C (decimal 348)
   defining Unicode char U+015D (decimal 349)
   defining Unicode char U+015E (decimal 350)
   defining Unicode char U+015F (decimal 351)
   defining Unicode char U+0160 (decimal 352)
   defining Unicode char U+0161 (decimal 353)
   defining Unicode char U+0162 (decimal 354)
   defining Unicode char U+0163 (decimal 355)
   defining Unicode char U+0164 (decimal 356)
   defining Unicode char U+0165 (decimal 357)
   defining Unicode char U+0168 (decimal 360)
   defining Unicode char U+0169 (decimal 361)
   defining Unicode char U+016A (decimal 362)
   defining Unicode char U+016B (decimal 363)
   defining Unicode char U+016C (decimal 364)
   defining Unicode char U+016D (decimal 365)
   defining Unicode char U+016E (decimal 366)
   defining Unicode char U+016F (decimal 367)
   defining Unicode char U+0170 (decimal 368)
   defining Unicode char U+0171 (decimal 369)
   defining Unicode char U+0172 (decimal 370)
   defining Unicode char U+0173 (decimal 371)
   defining Unicode char U+0174 (decimal 372)
   defining Unicode char U+0175 (decimal 373)
   defining Unicode char U+0176 (decimal 374)
   defining Unicode char U+0177 (decimal 375)
   defining Unicode char U+0178 (decimal 376)
   defining Unicode char U+0179 (decimal 377)
   defining Unicode char U+017A (decimal 378)
   defining Unicode char U+017B (decimal 379)
   defining Unicode char U+017C (decimal 380)
   defining Unicode char U+017D (decimal 381)
   defining Unicode char U+017E (decimal 382)
   defining Unicode char U+01CD (decimal 461)
   defining Unicode char U+01CE (decimal 462)
   defining Unicode char U+01CF (decimal 463)
   defining Unicode char U+01D0 (decimal 464)
   defining Unicode char U+01D1 (decimal 465)
   defining Unicode char U+01D2 (decimal 466)
   defining Unicode char U+01D3 (decimal 467)
   defining Unicode char U+01D4 (decimal 468)
   defining Unicode char U+01E2 (decimal 482)
   defining Unicode char U+01E3 (decimal 483)
   defining Unicode char U+01E6 (decimal 486)
   defining Unicode char U+01E7 (decimal 487)
   defining Unicode char U+01E8 (decimal 488)
   defining Unicode char U+01E9 (decimal 489)
   defining Unicode char U+01EA (decimal 490)
   defining Unicode char U+01EB (decimal 491)
   defining Unicode char U+01F0 (decimal 496)
   defining Unicode char U+01F4 (decimal 500)
   defining Unicode char U+01F5 (decimal 501)
   defining Unicode char U+0218 (decimal 536)
   defining Unicode char U+0219 (decimal 537)
   defining Unicode char U+021A (decimal 538)
   defining Unicode char U+021B (decimal 539)
   defining Unicode char U+1E02 (decimal 7682)
   defining Unicode char U+1E03 (decimal 7683)
   defining Unicode char U+200C (decimal 8204)
   defining Unicode char U+2010 (decimal 8208)
   defining Unicode char U+2011 (decimal 8209)
   defining Unicode char U+2012 (decimal 8210)
   defining Unicode char U+2013 (decimal 8211)
   defining Unicode char U+2014 (decimal 8212)
   defining Unicode char U+2015 (decimal 8213)
   defining Unicode char U+2018 (decimal 8216)
   defining Unicode char U+2019 (decimal 8217)
   defining Unicode char U+201A (decimal 8218)
   defining Unicode char U+201C (decimal 8220)
   defining Unicode char U+201D (decimal 8221)
   defining Unicode char U+201E (decimal 8222)
   defining Unicode char U+2030 (decimal 8240)
   defining Unicode char U+2031 (decimal 8241)
   defining Unicode char U+2039 (decimal 8249)
   defining Unicode char U+203A (decimal 8250)
   defining Unicode char U+2423 (decimal 9251)
)
Now handling font encoding OT1 ...
... processing UTF-8 mapping file for font encoding OT1

("C:\Program Files\MiKTeX 2.9\tex\latex\base\ot1enc.dfu"
File: ot1enc.dfu 2016/02/28 v1.1s UTF-8 support for inputenc
   defining Unicode char U+00A0 (decimal 160)
   defining Unicode char U+00A1 (decimal 161)
   defining Unicode char U+00A3 (decimal 163)
   defining Unicode char U+00AD (decimal 173)
   defining Unicode char U+00B8 (decimal 184)
   defining Unicode char U+00BF (decimal 191)
   defining Unicode char U+00C5 (decimal 197)
   defining Unicode char U+00C6 (decimal 198)
   defining Unicode char U+00D8 (decimal 216)
   defining Unicode char U+00DF (decimal 223)
   defining Unicode char U+00E6 (decimal 230)
   defining Unicode char U+00EC (decimal 236)
   defining Unicode char U+00ED (decimal 237)
   defining Unicode char U+00EE (decimal 238)
   defining Unicode char U+00EF (decimal 239)
   defining Unicode char U+00F8 (decimal 248)
   defining Unicode char U+0131 (decimal 305)
   defining Unicode char U+0141 (decimal 321)
   defining Unicode char U+0142 (decimal 322)
   defining Unicode char U+0152 (decimal 338)
   defining Unicode char U+0153 (decimal 339)
   defining Unicode char U+0174 (decimal 372)
   defining Unicode char U+0175 (decimal 373)
   defining Unicode char U+0176 (decimal 374)
   defining Unicode char U+0177 (decimal 375)
   defining Unicode char U+0218 (decimal 536)
   defining Unicode char U+0219 (decimal 537)
   defining Unicode char U+021A (decimal 538)
   defining Unicode char U+021B (decimal 539)
   defining Unicode char U+2013 (decimal 8211)
   defining Unicode char U+2014 (decimal 8212)
   defining Unicode char U+2018 (decimal 8216)
   defining Unicode char U+2019 (decimal 8217)
   defining Unicode char U+201C (decimal 8220)
   defining Unicode char U+201D (decimal 8221)
)
Now handling font encoding OMS ...
... processing UTF-8 mapping file for font encoding OMS

("C:\Program Files\MiKTeX 2.9\tex\latex\base\omsenc.dfu"
File: omsenc.dfu 2016/02/28 v1.1s UTF-8 support for inputenc
   defining Unicode char U+00A7 (decimal 167)
   defining Unicode char U+00B6 (decimal 182)
   defining Unicode char U+00B7 (decimal 183)
   defining Unicode char U+2020 (decimal 8224)
   defining Unicode char U+2021 (decimal 8225)
   defining Unicode char U+2022 (decimal 8226)
)
Now handling font encoding OMX ...
... no UTF-8 mapping file for font encoding OMX
Now handling font encoding U ...
... no UTF-8 mapping file for font encoding U
Now handling font encoding PD1 ...
... no UTF-8 mapping file for font encoding PD1
   defining Unicode char U+00A9 (decimal 169)
   defining Unicode char U+00AA (decimal 170)
   defining Unicode char U+00AE (decimal 174)
   defining Unicode char U+00BA (decimal 186)
   defining Unicode char U+02C6 (decimal 710)
   defining Unicode char U+02DC (decimal 732)
   defining Unicode char U+200C (decimal 8204)
   defining Unicode char U+2026 (decimal 8230)
   defining Unicode char U+2122 (decimal 8482)
   defining Unicode char U+2423 (decimal 9251)
))
("C:\Program Files\MiKTeX 2.9\tex\generic\babel\babel.sty"
Package: babel 2016/04/23 3.9r The Babel package

*************************************
* Local config file bblopts.cfg used
*
(C:\Users\Loic\AppData\Roaming\MiKTeX\2.9\tex\latex\arabi\bblopts.cfg
File: bblopts.cfg 2005/09/08 v0.1 add Arabic and Farsi to "declared" options of
 babel
)
("C:\Program Files\MiKTeX 2.9\tex\latex\babel-english\english.ldf"
Language: english 2012/08/20 v3.3p English support from the babel system

("C:\Program Files\MiKTeX 2.9\tex\generic\babel\babel.def"
File: babel.def 2016/04/23 3.9r Babel common definitions
\babel@savecnt=\count159
\U@D=\dimen259
LaTeX Info: Redefining \textlatin on input line 1448.
)
\l@canadian = a dialect from \language\l@american 
\l@australian = a dialect from \language\l@british 
\l@newzealand = a dialect from \language\l@british 
)
("C:\Program Files\MiKTeX 2.9\tex\latex\babel-french\frenchb.ldf"
Language: frenchb 2016/05/14 v3.2c French support from the babel system
\l@acadian = a dialect from \language\l@french 
\l@canadien = a dialect from \language\l@french 
\FB@nonchar=\count160
\FBcolonskip=\skip57
\FBthinskip=\skip58
Package babel Info: Making : an active character on input line 365.
Package babel Info: Making ; an active character on input line 366.
Package babel Info: Making ! an active character on input line 367.
Package babel Info: Making ? an active character on input line 368.
\FBguillskip=\skip59
\FBguill@level=\count161
\FB@everypar=\toks45
\FB@Mht=\dimen260
\std@mcc=\count162
\dec@mcc=\count163
\listindentFB=\skip60
\labelwidthFB=\skip61
\leftmarginFB=\skip62
\parindentFFN=\dimen261
\FBfnindent=\skip63
))
("C:\Program Files\MiKTeX 2.9\tex\latex\carlisle\scalefnt.sty")
Package frenchb.ldf Info: No list customisation for the beamer class,
(frenchb.ldf)             reported on input line 65.

(C:\Users\Loic\AppData\Roaming\MiKTeX\2.9\tex\latex\algorithms\algorithm.sty
Package: algorithm 2009/08/24 v0.1 Document Style `algorithm' - floating enviro
nment

("C:\Program Files\MiKTeX 2.9\tex\latex\float\float.sty"
Package: float 2001/11/08 v1.3d Float enhancements (AL)
\c@float@type=\count164
\float@exts=\toks46
\float@box=\box53
\@float@everytoks=\toks47
\@floatcapt=\box54
)
("C:\Program Files\MiKTeX 2.9\tex\latex\base\ifthen.sty"
Package: ifthen 2014/09/29 v1.1c Standard LaTeX ifthen package (DPC)
)
\@float@every@algorithm=\toks48
\c@algorithm=\count165
)
(C:\Users\Loic\AppData\Roaming\MiKTeX\2.9\tex\latex\algorithms\algorithmic.sty
Package: algorithmic 2009/08/24 v0.1 Document Style `algorithmic'
\c@ALC@unique=\count166
\c@ALC@line=\count167
\c@ALC@rem=\count168
\c@ALC@depth=\count169
\ALC@tlm=\skip64
\algorithmicindent=\skip65
) (C:\Users\Loic\AppData\Roaming\MiKTeX\2.9\tex\latex\ulem\ulem.sty
\UL@box=\box55
\UL@hyphenbox=\box56
\UL@skip=\skip66
\UL@hook=\toks49
\UL@height=\dimen262
\UL@pe=\count170
\UL@pixel=\dimen263
\ULC@box=\box57
Package: ulem 2012/05/18
\ULdepth=\dimen264
)
(C:\Users\Loic\AppData\Roaming\MiKTeX\2.9\tex\latex\pgf\frontendlayer\tikz.sty
(C:\Users\Loic\AppData\Roaming\MiKTeX\2.9\tex\latex\pgf\basiclayer\pgf.sty
Package: pgf 2015/08/07 v3.0.1a (rcs-revision 1.15)

(C:\Users\Loic\AppData\Roaming\MiKTeX\2.9\tex\generic\pgf\modules\pgfmoduleshap
es.code.tex
File: pgfmoduleshapes.code.tex 2014/03/21  (rcs-revision 1.35)
\pgfnodeparttextbox=\box58
)
(C:\Users\Loic\AppData\Roaming\MiKTeX\2.9\tex\generic\pgf\modules\pgfmoduleplot
.code.tex
File: pgfmoduleplot.code.tex 2015/08/03  (rcs-revision 1.13)
)
(C:\Users\Loic\AppData\Roaming\MiKTeX\2.9\tex\latex\pgf\compatibility\pgfcomp-v
ersion-0-65.sty
Package: pgfcomp-version-0-65 2007/07/03 v3.0.1a (rcs-revision 1.7)
\pgf@nodesepstart=\dimen265
\pgf@nodesepend=\dimen266
)
(C:\Users\Loic\AppData\Roaming\MiKTeX\2.9\tex\latex\pgf\compatibility\pgfcomp-v
ersion-1-18.sty
Package: pgfcomp-version-1-18 2007/07/23 v3.0.1a (rcs-revision 1.1)
))
(C:\Users\Loic\AppData\Roaming\MiKTeX\2.9\tex\latex\pgf\utilities\pgffor.sty
(C:\Users\Loic\AppData\Roaming\MiKTeX\2.9\tex\latex\pgf\utilities\pgfkeys.sty
(C:\Users\Loic\AppData\Roaming\MiKTeX\2.9\tex\generic\pgf\utilities\pgfkeys.cod
e.tex))
(C:\Users\Loic\AppData\Roaming\MiKTeX\2.9\tex\latex\pgf\math\pgfmath.sty
(C:\Users\Loic\AppData\Roaming\MiKTeX\2.9\tex\generic\pgf\math\pgfmath.code.tex
))
(C:\Users\Loic\AppData\Roaming\MiKTeX\2.9\tex\generic\pgf\utilities\pgffor.code
.tex
Package: pgffor 2013/12/13 v3.0.1a (rcs-revision 1.25)

(C:\Users\Loic\AppData\Roaming\MiKTeX\2.9\tex\generic\pgf\math\pgfmath.code.tex
)
\pgffor@iter=\dimen267
\pgffor@skip=\dimen268
\pgffor@stack=\toks50
\pgffor@toks=\toks51
))
(C:\Users\Loic\AppData\Roaming\MiKTeX\2.9\tex\generic\pgf\frontendlayer\tikz\ti
kz.code.tex
Package: tikz 2015/08/07 v3.0.1a (rcs-revision 1.151)

(C:\Users\Loic\AppData\Roaming\MiKTeX\2.9\tex\generic\pgf\libraries\pgflibraryp
lothandlers.code.tex
File: pgflibraryplothandlers.code.tex 2013/08/31 v3.0.1a (rcs-revision 1.20)
\pgf@plot@mark@count=\count171
\pgfplotmarksize=\dimen269
)
\tikz@lastx=\dimen270
\tikz@lasty=\dimen271
\tikz@lastxsaved=\dimen272
\tikz@lastysaved=\dimen273
\tikzleveldistance=\dimen274
\tikzsiblingdistance=\dimen275
\tikz@figbox=\box59
\tikz@figbox@bg=\box60
\tikz@tempbox=\box61
\tikz@tempbox@bg=\box62
\tikztreelevel=\count172
\tikznumberofchildren=\count173
\tikznumberofcurrentchild=\count174
\tikz@fig@count=\count175

(C:\Users\Loic\AppData\Roaming\MiKTeX\2.9\tex\generic\pgf\modules\pgfmodulematr
ix.code.tex
File: pgfmodulematrix.code.tex 2013/09/17  (rcs-revision 1.8)
\pgfmatrixcurrentrow=\count176
\pgfmatrixcurrentcolumn=\count177
\pgf@matrix@numberofcolumns=\count178
)
\tikz@expandcount=\count179

(C:\Users\Loic\AppData\Roaming\MiKTeX\2.9\tex\generic\pgf\frontendlayer\tikz\li
braries\tikzlibrarytopaths.code.tex
File: tikzlibrarytopaths.code.tex 2008/06/17 v3.0.1a (rcs-revision 1.2)
)))
(C:\Users\Loic\AppData\Roaming\MiKTeX\2.9\tex\generic\pgf\frontendlayer\tikz\li
braries\tikzlibraryarrows.code.tex
File: tikzlibraryarrows.code.tex 2008/01/09 v3.0.1a (rcs-revision 1.1)

(C:\Users\Loic\AppData\Roaming\MiKTeX\2.9\tex\generic\pgf\libraries\pgflibrarya
rrows.code.tex
File: pgflibraryarrows.code.tex 2013/09/23 v3.0.1a (rcs-revision 1.16)
\arrowsize=\dimen276
))
(C:\Users\Loic\AppData\Roaming\MiKTeX\2.9\tex\generic\pgf\frontendlayer\tikz\li
braries\tikzlibrarycalc.code.tex
File: tikzlibrarycalc.code.tex 2013/07/15 v3.0.1a (rcs-revision 1.9)
)
(C:\Users\Loic\AppData\Roaming\MiKTeX\2.9\tex\generic\pgf\frontendlayer\tikz\li
braries\tikzlibraryshapes.code.tex
File: tikzlibraryshapes.code.tex 2008/01/09 v3.0.1a (rcs-revision 1.1)

(C:\Users\Loic\AppData\Roaming\MiKTeX\2.9\tex\generic\pgf\frontendlayer\tikz\li
braries\tikzlibraryshapes.geometric.code.tex
File: tikzlibraryshapes.geometric.code.tex 2008/01/09 v3.0.1a (rcs-revision 1.1
)

(C:\Users\Loic\AppData\Roaming\MiKTeX\2.9\tex\generic\pgf\libraries\shapes\pgfl
ibraryshapes.geometric.code.tex
File: pgflibraryshapes.geometric.code.tex 2008/06/26 v3.0.1a (rcs-revision 1.1)

))
(C:\Users\Loic\AppData\Roaming\MiKTeX\2.9\tex\generic\pgf\frontendlayer\tikz\li
braries\tikzlibraryshapes.misc.code.tex
File: tikzlibraryshapes.misc.code.tex 2008/01/09 v3.0.1a (rcs-revision 1.1)

(C:\Users\Loic\AppData\Roaming\MiKTeX\2.9\tex\generic\pgf\libraries\shapes\pgfl
ibraryshapes.misc.code.tex
File: pgflibraryshapes.misc.code.tex 2013/07/18 v3.0.1a (rcs-revision 1.5)
))
(C:\Users\Loic\AppData\Roaming\MiKTeX\2.9\tex\generic\pgf\frontendlayer\tikz\li
braries\tikzlibraryshapes.symbols.code.tex
File: tikzlibraryshapes.symbols.code.tex 2008/01/09 v3.0.1a (rcs-revision 1.1)

(C:\Users\Loic\AppData\Roaming\MiKTeX\2.9\tex\generic\pgf\libraries\shapes\pgfl
ibraryshapes.symbols.code.tex
File: pgflibraryshapes.symbols.code.tex 2013/09/11 v3.0.1a (rcs-revision 1.6)
))
(C:\Users\Loic\AppData\Roaming\MiKTeX\2.9\tex\generic\pgf\frontendlayer\tikz\li
braries\tikzlibraryshapes.arrows.code.tex
File: tikzlibraryshapes.arrows.code.tex 2008/01/09 v3.0.1a (rcs-revision 1.1)

(C:\Users\Loic\AppData\Roaming\MiKTeX\2.9\tex\generic\pgf\libraries\shapes\pgfl
ibraryshapes.arrows.code.tex
File: pgflibraryshapes.arrows.code.tex 2008/06/26 v3.0.1a (rcs-revision 1.1)
))
(C:\Users\Loic\AppData\Roaming\MiKTeX\2.9\tex\generic\pgf\frontendlayer\tikz\li
braries\tikzlibraryshapes.callouts.code.tex
(C:\Users\Loic\AppData\Roaming\MiKTeX\2.9\tex\generic\pgf\libraries\shapes\pgfl
ibraryshapes.callouts.code.tex))
(C:\Users\Loic\AppData\Roaming\MiKTeX\2.9\tex\generic\pgf\frontendlayer\tikz\li
braries\tikzlibraryshapes.multipart.code.tex
File: tikzlibraryshapes.multipart.code.tex 2008/01/09 v3.0.1a (rcs-revision 1.1
)

(C:\Users\Loic\AppData\Roaming\MiKTeX\2.9\tex\generic\pgf\libraries\shapes\pgfl
ibraryshapes.multipart.code.tex
File: pgflibraryshapes.multipart.code.tex 2010/01/07 v3.0.1a (rcs-revision 1.2)

\pgfnodepartlowerbox=\box63
\pgfnodeparttwobox=\box64
\pgfnodepartthreebox=\box65
\pgfnodepartfourbox=\box66
\pgfnodeparttwentybox=\box67
\pgfnodepartnineteenbox=\box68
\pgfnodeparteighteenbox=\box69
\pgfnodepartseventeenbox=\box70
\pgfnodepartsixteenbox=\box71
\pgfnodepartfifteenbox=\box72
\pgfnodepartfourteenbox=\box73
\pgfnodepartthirteenbox=\box74
\pgfnodeparttwelvebox=\box75
\pgfnodepartelevenbox=\box76
\pgfnodeparttenbox=\box77
\pgfnodepartninebox=\box78
\pgfnodeparteightbox=\box79
\pgfnodepartsevenbox=\box80
\pgfnodepartsixbox=\box81
\pgfnodepartfivebox=\box82
)))
("C:\Program Files\MiKTeX 2.9\tex\latex\psnfss\pifont.sty"
Package: pifont 2005/04/12 PSNFSS-v9.2a Pi font support (SPQR) 
LaTeX Font Info:    Try loading font information for U+pzd on input line 63.

("C:\Program Files\MiKTeX 2.9\tex\latex\psnfss\upzd.fd"
File: upzd.fd 2001/06/04 font definitions for U/pzd.
)
LaTeX Font Info:    Try loading font information for U+psy on input line 64.

("C:\Program Files\MiKTeX 2.9\tex\latex\psnfss\upsy.fd"
File: upsy.fd 2001/06/04 font definitions for U/psy.
))
(C:\Users\Loic\AppData\Roaming\MiKTeX\2.9\tex\latex\filecontents\filecontents.s
ty
Package: filecontents 2011/10/08 v1.3 Create an external file from within a LaT
eX document
) (C:\Users\Loic\AppData\Roaming\MiKTeX\2.9\tex\latex\soul\soul.sty
Package: soul 2003/11/17 v2.4 letterspacing/underlining (mf)
\SOUL@word=\toks52
\SOUL@lasttoken=\toks53
\SOUL@cmds=\toks54
\SOUL@buffer=\toks55
\SOUL@token=\toks56
\SOUL@spaceskip=\skip67
\SOUL@ttwidth=\dimen277
\SOUL@uldp=\dimen278
\SOUL@ulht=\dimen279
)
(C:\Users\Loic\AppData\Roaming\MiKTeX\2.9\tex\latex\natbib\bibentry.sty
Package: bibentry 2007/10/30 1.5 (PWD)
)
(C:\Users\Loic\AppData\Roaming\MiKTeX\2.9\tex\latex\caption\caption.sty
Package: caption 2016/02/21 v3.3-144 Customizing captions (AR)

(C:\Users\Loic\AppData\Roaming\MiKTeX\2.9\tex\latex\caption\caption3.sty
Package: caption3 2016/05/22 v1.7-166 caption3 kernel (AR)
Package caption3 Info: TeX engine: e-TeX on input line 67.
\captionmargin=\dimen280
\captionmargin@=\dimen281
\captionwidth=\dimen282
\caption@tempdima=\dimen283
\caption@indent=\dimen284
\caption@parindent=\dimen285
\caption@hangindent=\dimen286
)
\c@ContinuedFloat=\count180
Package caption Info: beamer document class.
Package caption Info: float package is loaded.
Package caption Info: hyperref package is loaded.
Package caption Info: Hyperref support is turned off
(caption)             because hyperref has stopped early.
)
(presentation2.aux

LaTeX Warning: Label `alg:gps' multiply defined.


LaTeX Warning: Label `alg:cs' multiply defined.

)
\openout1 = `presentation2.aux'.

LaTeX Font Info:    Checking defaults for OML/cmm/m/it on input line 125.
LaTeX Font Info:    ... okay on input line 125.
LaTeX Font Info:    Checking defaults for T1/cmr/m/n on input line 125.
LaTeX Font Info:    ... okay on input line 125.
LaTeX Font Info:    Checking defaults for OT1/cmr/m/n on input line 125.
LaTeX Font Info:    ... okay on input line 125.
LaTeX Font Info:    Checking defaults for OMS/cmsy/m/n on input line 125.
LaTeX Font Info:    ... okay on input line 125.
LaTeX Font Info:    Checking defaults for OMX/cmex/m/n on input line 125.
LaTeX Font Info:    ... okay on input line 125.
LaTeX Font Info:    Checking defaults for U/cmr/m/n on input line 125.
LaTeX Font Info:    ... okay on input line 125.
LaTeX Font Info:    Checking defaults for PD1/pdf/m/n on input line 125.
LaTeX Font Info:    ... okay on input line 125.

*geometry* driver: auto-detecting
*geometry* detected driver: pdftex
*geometry* verbose mode - [ preamble ] result:
* driver: pdftex
* paper: custom
* layout: <same size as paper>
* layoutoffset:(h,v)=(0.0pt,0.0pt)
* modes: includehead includefoot 
* h-part:(L,W,R)=(10.95003pt, 342.2953pt, 10.95003pt)
* v-part:(T,H,B)=(0.0pt, 273.14662pt, 0.0pt)
* \paperwidth=364.19536pt
* \paperheight=273.14662pt
* \textwidth=342.2953pt
* \textheight=244.6939pt
* \oddsidemargin=-61.31996pt
* \evensidemargin=-61.31996pt
* \topmargin=-72.26999pt
* \headheight=14.22636pt
* \headsep=0.0pt
* \topskip=11.0pt
* \footskip=14.22636pt
* \marginparwidth=4.0pt
* \marginparsep=10.0pt
* \columnsep=10.0pt
* \skip\footins=10.0pt plus 4.0pt minus 2.0pt
* \hoffset=0.0pt
* \voffset=0.0pt
* \mag=1000
* \@twocolumnfalse
* \@twosidefalse
* \@mparswitchfalse
* \@reversemarginfalse
* (1in=72.27pt=25.4mm, 1cm=28.453pt)

(C:\Users\Loic\AppData\Roaming\MiKTeX\2.9\tex\context\base\supp-pdf.mkii
[Loading MPS to PDF converter (version 2006.09.02).]
\scratchcounter=\count181
\scratchdimen=\dimen287
\scratchbox=\box83
\nofMPsegments=\count182
\nofMParguments=\count183
\everyMPshowfont=\toks57
\MPscratchCnt=\count184
\MPscratchDim=\dimen288
\MPnumerator=\count185
\makeMPintoPDFobject=\count186
\everyMPtoPDFconversion=\toks58
) ("C:\Program Files\MiKTeX 2.9\tex\latex\oberdiek\epstopdf-base.sty"
Package: epstopdf-base 2016/05/15 v2.6 Base part for package epstopdf

("C:\Program Files\MiKTeX 2.9\tex\latex\oberdiek\grfext.sty"
Package: grfext 2016/05/16 v1.2 Manage graphics extensions (HO)
)
Package epstopdf-base Info: Redefining graphics rule for `.eps' on input line 4
38.
Package grfext Info: Graphics extension search list:
(grfext)             [.png,.pdf,.jpg,.mps,.jpeg,.jbig2,.jb2,.PNG,.PDF,.JPG,.JPE
G,.JBIG2,.JB2,.eps]
(grfext)             \AppendGraphicsExtensions on input line 456.
)
ABD: EveryShipout initializing macros
\AtBeginShipoutBox=\box84
Package hyperref Info: Link coloring OFF on input line 125.

("C:\Program Files\MiKTeX 2.9\tex\latex\hyperref\nameref.sty"
Package: nameref 2016/05/21 v2.44 Cross-referencing by name of section

("C:\Program Files\MiKTeX 2.9\tex\generic\oberdiek\gettitlestring.sty"
Package: gettitlestring 2016/05/16 v1.5 Cleanup title references (HO)
)
\c@section@level=\count187
)
LaTeX Info: Redefining \ref on input line 125.
LaTeX Info: Redefining \pageref on input line 125.
LaTeX Info: Redefining \nameref on input line 125.

(presentation2.out) (presentation2.out)
\@outlinefile=\write5
\openout5 = `presentation2.out'.

LaTeX Font Info:    Overwriting symbol font `operators' in version `normal'
(Font)                  OT1/cmr/m/n --> OT1/cmss/m/n on input line 125.
LaTeX Font Info:    Overwriting symbol font `operators' in version `bold'
(Font)                  OT1/cmr/bx/n --> OT1/cmss/bx/n on input line 125.
\symnumbers=\mathgroup6
\sympureletters=\mathgroup7
LaTeX Font Info:    Overwriting math alphabet `\mathrm' in version `normal'
(Font)                  OT1/cmss/m/n --> OT1/cmr/m/n on input line 125.
LaTeX Font Info:    Redeclaring math alphabet \mathbf on input line 125.
LaTeX Font Info:    Overwriting math alphabet `\mathbf' in version `normal'
(Font)                  OT1/cmr/bx/n --> OT1/cmss/bx/n on input line 125.
LaTeX Font Info:    Overwriting math alphabet `\mathbf' in version `bold'
(Font)                  OT1/cmr/bx/n --> OT1/cmss/bx/n on input line 125.
LaTeX Font Info:    Redeclaring math alphabet \mathsf on input line 125.
LaTeX Font Info:    Overwriting math alphabet `\mathsf' in version `normal'
(Font)                  OT1/cmss/m/n --> OT1/cmss/m/n on input line 125.
LaTeX Font Info:    Overwriting math alphabet `\mathsf' in version `bold'
(Font)                  OT1/cmss/bx/n --> OT1/cmss/m/n on input line 125.
LaTeX Font Info:    Redeclaring math alphabet \mathit on input line 125.
LaTeX Font Info:    Overwriting math alphabet `\mathit' in version `normal'
(Font)                  OT1/cmr/m/it --> OT1/cmss/m/it on input line 125.
LaTeX Font Info:    Overwriting math alphabet `\mathit' in version `bold'
(Font)                  OT1/cmr/bx/it --> OT1/cmss/m/it on input line 125.
LaTeX Font Info:    Redeclaring math alphabet \mathtt on input line 125.
LaTeX Font Info:    Overwriting math alphabet `\mathtt' in version `normal'
(Font)                  OT1/cmtt/m/n --> OT1/cmtt/m/n on input line 125.
LaTeX Font Info:    Overwriting math alphabet `\mathtt' in version `bold'
(Font)                  OT1/cmtt/m/n --> OT1/cmtt/m/n on input line 125.
LaTeX Font Info:    Overwriting symbol font `numbers' in version `bold'
(Font)                  OT1/cmss/m/n --> OT1/cmss/bx/n on input line 125.
LaTeX Font Info:    Overwriting symbol font `pureletters' in version `bold'
(Font)                  OT1/cmss/m/it --> OT1/cmss/bx/it on input line 125.
LaTeX Font Info:    Overwriting math alphabet `\mathrm' in version `bold'
(Font)                  OT1/cmss/bx/n --> OT1/cmr/bx/n on input line 125.
LaTeX Font Info:    Overwriting math alphabet `\mathbf' in version `bold'
(Font)                  OT1/cmss/bx/n --> OT1/cmss/bx/n on input line 125.
LaTeX Font Info:    Overwriting math alphabet `\mathsf' in version `bold'
(Font)                  OT1/cmss/m/n --> OT1/cmss/bx/n on input line 125.
LaTeX Font Info:    Overwriting math alphabet `\mathit' in version `bold'
(Font)                  OT1/cmss/m/it --> OT1/cmss/bx/it on input line 125.
LaTeX Font Info:    Overwriting math alphabet `\mathtt' in version `bold'
(Font)                  OT1/cmtt/m/n --> OT1/cmtt/bx/n on input line 125.
LaTeX Font Info:    Redeclaring symbol font `pureletters' on input line 125.
LaTeX Font Info:    Overwriting symbol font `pureletters' in version `normal'
(Font)                  OT1/cmss/m/it --> OT1/mathkerncmss/m/sl on input line 1
25.
LaTeX Font Info:    Overwriting symbol font `pureletters' in version `bold'
(Font)                  OT1/cmss/bx/it --> OT1/mathkerncmss/m/sl on input line 
125.
LaTeX Font Info:    Overwriting symbol font `pureletters' in version `bold'
(Font)                  OT1/mathkerncmss/m/sl --> OT1/mathkerncmss/bx/sl on inp
ut line 125.

(C:\Users\Loic\AppData\Roaming\MiKTeX\2.9\tex\latex\translator\translator-basic
-dictionary-English.dict
Dictionary: translator-basic-dictionary, Language: English 
)
(C:\Users\Loic\AppData\Roaming\MiKTeX\2.9\tex\latex\translator\translator-bibli
ography-dictionary-English.dict
Dictionary: translator-bibliography-dictionary, Language: English 
)
(C:\Users\Loic\AppData\Roaming\MiKTeX\2.9\tex\latex\translator\translator-envir
onment-dictionary-English.dict
Dictionary: translator-environment-dictionary, Language: English 
)
(C:\Users\Loic\AppData\Roaming\MiKTeX\2.9\tex\latex\translator\translator-month
s-dictionary-English.dict
Dictionary: translator-months-dictionary, Language: English 
)
(C:\Users\Loic\AppData\Roaming\MiKTeX\2.9\tex\latex\translator\translator-numbe
rs-dictionary-English.dict
Dictionary: translator-numbers-dictionary, Language: English 
)
(C:\Users\Loic\AppData\Roaming\MiKTeX\2.9\tex\latex\translator\translator-theor
em-dictionary-English.dict
Dictionary: translator-theorem-dictionary, Language: English 
)
LaTeX Info: Redefining \degres on input line 125.
LaTeX Info: Redefining \dots on input line 125.
LaTeX Info: Redefining \up on input line 125.


Package frenchb.ldf Warning: OT1 encoding should not be used for French.
(frenchb.ldf)                Add \usepackage[T1]{fontenc} to the preamble
(frenchb.ldf)                of your document, on input line 125.

Package caption Info: Begin \AtBeginDocument code.
Package caption Info: End \AtBeginDocument code.
(presentation2.nav) [1{C:/Users/Loic/AppData/Local/MiKTeX/2.9/pdftex/config/pdf
tex.map}

] (presentation2.toc) [2

] (presentation2.toc)
LaTeX Font Info:    Try loading font information for U+msa on input line 174.

("C:\Program Files\MiKTeX 2.9\tex\latex\amsfonts\umsa.fd"
File: umsa.fd 2013/01/14 v3.01 AMS symbols A
)
LaTeX Font Info:    Try loading font information for U+msb on input line 174.

("C:\Program Files\MiKTeX 2.9\tex\latex\amsfonts\umsb.fd"
File: umsb.fd 2013/01/14 v3.01 AMS symbols B
)
LaTeX Font Info:    Try loading font information for OT1+mathkerncmss on input 
line 174.

(C:\Users\Loic\AppData\Roaming\MiKTeX\2.9\tex\latex\sansmathaccent\ot1mathkernc
mss.fd
File: ot1mathkerncmss.fd 2013/03/27 Fontinst v1.933 font definitions for OT1/ma
thkerncmss.
)
Underfull \vbox (badness 10000) has occurred while \output is active []

 [3

]
[4] [5

] <blackbox.png, id=462, 744.98325pt x 436.63126pt>
File: blackbox.png Graphic file (type png)
 <use blackbox.png>
Package pdftex.def Info: blackbox.png used on input line 178.
(pdftex.def)             Requested size: 342.2953pt x 200.61963pt.

[6

 <./blackbox.png>]
Overfull \hbox (3.2241pt too wide) in paragraph at lines 238--238
 [][][][]\OT1/cmss/m/n/10.95 Amelioration 
 []


Overfull \hbox (0.9615pt too wide) in paragraph at lines 238--238
  []  
 []


Overfull \hbox (0.82118pt too wide) in paragraph at lines 238--238
 [][][][][]\OT1/cmss/m/n/10.95 Echantillonage 
 []


Overfull \hbox (1.49275pt too wide) in paragraph at lines 238--238
[][] 
 []

[7

]
Overfull \hbox (3.2241pt too wide) in paragraph at lines 238--238
 [][][][]\OT1/cmss/m/n/10.95 Amelioration 
 []


Overfull \hbox (0.9615pt too wide) in paragraph at lines 238--238
  []  
 []


Overfull \hbox (0.82118pt too wide) in paragraph at lines 238--238
 [][][][][]\OT1/cmss/m/n/10.95 Echantillonage 
 []


Overfull \hbox (1.49275pt too wide) in paragraph at lines 238--238
[][] 
 []

[8

]
Overfull \hbox (3.2241pt too wide) in paragraph at lines 238--238
 [][][][]\OT1/cmss/m/n/10.95 Amelioration 
 []


Overfull \hbox (0.9615pt too wide) in paragraph at lines 238--238
  []  
 []


Overfull \hbox (0.82118pt too wide) in paragraph at lines 238--238
 [][][][][]\OT1/cmss/m/n/10.95 Echantillonage 
 []


Overfull \hbox (1.49275pt too wide) in paragraph at lines 238--238
[][] 
 []

[9

]
Overfull \hbox (3.2241pt too wide) in paragraph at lines 238--238
 [][][][]\OT1/cmss/m/n/10.95 Amelioration 
 []


Overfull \hbox (0.9615pt too wide) in paragraph at lines 238--238
  []  
 []


Overfull \hbox (0.82118pt too wide) in paragraph at lines 238--238
 [][][][][]\OT1/cmss/m/n/10.95 Echantillonage 
 []


Overfull \hbox (1.49275pt too wide) in paragraph at lines 238--238
[][] 
 []

[10

]
Overfull \hbox (3.2241pt too wide) in paragraph at lines 238--238
 [][][][]\OT1/cmss/m/n/10.95 Amelioration 
 []


Overfull \hbox (0.9615pt too wide) in paragraph at lines 238--238
  []  
 []


Overfull \hbox (0.82118pt too wide) in paragraph at lines 238--238
 [][][][][]\OT1/cmss/m/n/10.95 Echantillonage 
 []


Overfull \hbox (1.49275pt too wide) in paragraph at lines 238--238
[][] 
 []

[11

]
Overfull \hbox (3.2241pt too wide) in paragraph at lines 238--238
 [][][][]\OT1/cmss/m/n/10.95 Amelioration 
 []


Overfull \hbox (0.9615pt too wide) in paragraph at lines 238--238
  []  
 []


Overfull \hbox (0.82118pt too wide) in paragraph at lines 238--238
 [][][][][]\OT1/cmss/m/n/10.95 Echantillonage 
 []


Overfull \hbox (1.49275pt too wide) in paragraph at lines 238--238
[][] 
 []

[12

]
Overfull \hbox (3.2241pt too wide) in paragraph at lines 238--238
 [][][][]\OT1/cmss/m/n/10.95 Amelioration 
 []


Overfull \hbox (0.9615pt too wide) in paragraph at lines 238--238
  []  
 []


Overfull \hbox (0.82118pt too wide) in paragraph at lines 238--238
 [][][][][]\OT1/cmss/m/n/10.95 Echantillonage 
 []


Overfull \hbox (1.49275pt too wide) in paragraph at lines 238--238
[][] 
 []

[13

]
Overfull \hbox (3.2241pt too wide) in paragraph at lines 238--238
 [][][][]\OT1/cmss/m/n/10.95 Amelioration 
 []


Overfull \hbox (0.9615pt too wide) in paragraph at lines 238--238
  []  
 []


Overfull \hbox (0.82118pt too wide) in paragraph at lines 238--238
 [][][][][]\OT1/cmss/m/n/10.95 Echantillonage 
 []


Overfull \hbox (1.49275pt too wide) in paragraph at lines 238--238
[][] 
 []

[14

]
Overfull \hbox (3.2241pt too wide) in paragraph at lines 238--238
 [][][][]\OT1/cmss/m/n/10.95 Amelioration 
 []


Overfull \hbox (0.9615pt too wide) in paragraph at lines 238--238
  []  
 []


Overfull \hbox (0.82118pt too wide) in paragraph at lines 238--238
 [][][][][]\OT1/cmss/m/n/10.95 Echantillonage 
 []


Overfull \hbox (1.49275pt too wide) in paragraph at lines 238--238
[][] 
 []

[15

] [16

] [17

] [18

] [19

] [20

] [21

] [22

] [23

] [24

] [25

] [26

] [27

] [28

] [29

]
[30

] [31

] (presentation2.toc)
Underfull \vbox (badness 10000) has occurred while \output is active []

 [32

]
[33] [34

] [35

] [36

] [37

] [38

] [39

] [40

] [41

] [42

] [43

] [44

] [45

] [46

] [47

]
[48

] [49

]

LaTeX Font Warning: Font shape `OT1/cmss/m/sc' in size <10.95> not available
(Font)              Font shape `OT1/cmr/m/sc' tried instead on input line 464.


LaTeX Font Warning: Font shape `OT1/cmss/m/sc' in size <8> not available
(Font)              Font shape `OT1/cmr/m/sc' tried instead on input line 464.


Underfull \hbox (badness 10000) in paragraph at lines 464--464

 []

[50

]
Underfull \hbox (badness 10000) in paragraph at lines 464--464

 []

[51

] [52

] [53

]
Underfull \hbox (badness 10000) in paragraph at lines 564--564

 []

[54

]
Underfull \hbox (badness 10000) in paragraph at lines 564--564

 []

[55

] [56

]pdfTeX warning (ext4): destination with the same identifier (name{alg:gps}) ha
s been already used, duplicate ignored
<to be read again> 
                   \relax 
l.586 \end{frame}
                  [57

]
Underfull \hbox (badness 10000) in paragraph at lines 671--671

 []


Underfull \hbox (badness 10000) in paragraph at lines 671--671

 []


Overfull \vbox (11.80455pt too high) detected at line 671
 []

[58

]
Underfull \hbox (badness 10000) in paragraph at lines 671--671

 []


Underfull \hbox (badness 10000) in paragraph at lines 671--671

 []


Overfull \vbox (0.16174pt too high) detected at line 671
 []

[59

] [60

] [61

]
Underfull \hbox (badness 10000) in paragraph at lines 778--778

 []

[62

]
Underfull \hbox (badness 10000) in paragraph at lines 778--778

 []

[63

] [64

]pdfTeX warning (ext4): destination with the same identifier (name{alg:cs}) has
 been already used, duplicate ignored
<to be read again> 
                   \relax 
l.799 \end{frame}
                  [65

] (presentation2.toc)
Underfull \vbox (badness 10000) has occurred while \output is active []

 [66

]
[67] [68

] [69

] [70

] [71

] [72

] [73

] [74

] [75

] [76

] [77

] [78

] [79

] [80

] [81

]
[82

] [83

] [84

] [85

] [86

] [87

] [88

] [89

] (presentation2.toc)
<StyreneFlow.PNG, id=5703, 611.886pt x 264.38776pt>
File: StyreneFlow.PNG Graphic file (type png)
 <use StyreneFlow.PNG>
Package pdftex.def Info: StyreneFlow.PNG used on input line 919.
(pdftex.def)             Requested size: 199.16928pt x 86.05812pt.

Underfull \vbox (badness 10000) has occurred while \output is active []

 [90

]
[91 <./StyreneFlow.PNG>]
File: StyreneFlow.PNG Graphic file (type png)
 <use StyreneFlow.PNG>
Package pdftex.def Info: StyreneFlow.PNG used on input line 919.
(pdftex.def)             Requested size: 199.16928pt x 86.05812pt.
 [92

]
File: StyreneFlow.PNG Graphic file (type png)
 <use StyreneFlow.PNG>
Package pdftex.def Info: StyreneFlow.PNG used on input line 919.
(pdftex.def)             Requested size: 199.16928pt x 86.05812pt.

[93

]
File: StyreneFlow.PNG Graphic file (type png)
 <use StyreneFlow.PNG>
Package pdftex.def Info: StyreneFlow.PNG used on input line 919.
(pdftex.def)             Requested size: 199.16928pt x 86.05812pt.
 [94

]
File: StyreneFlow.PNG Graphic file (type png)
 <use StyreneFlow.PNG>
Package pdftex.def Info: StyreneFlow.PNG used on input line 919.
(pdftex.def)             Requested size: 199.16928pt x 86.05812pt.
 [95

]
File: StyreneFlow.PNG Graphic file (type png)

<use StyreneFlow.PNG>
Package pdftex.def Info: StyreneFlow.PNG used on input line 919.
(pdftex.def)             Requested size: 199.16928pt x 86.05812pt.
 [96

] <coppcomp.png, id=6168, 462.528pt x 346.896pt>
File: coppcomp.png Graphic file (type png)

<use coppcomp.png>
Package pdftex.def Info: coppcomp.png used on input line 955.
(pdftex.def)             Requested size: 171.14764pt x 128.36009pt.
 <moppcomp.png, id=6169, 462.528pt x 346.896pt>
File: moppcomp.png Graphic file (type png)

<use moppcomp.png>
Package pdftex.def Info: moppcomp.png used on input line 955.
(pdftex.def)             Requested size: 171.14764pt x 128.36009pt.
 <Legende_comp.png, id=6170, 392.667pt x 20.4765pt>
File: Legende_comp.png Graphic file (type png)

<use Legende_comp.png>
Package pdftex.def Info: Legende_comp.png used on input line 955.
(pdftex.def)             Requested size: 342.2953pt x 17.85002pt.

Overfull \vbox (13.76826pt too high) detected at line 955
 []

[97

 <./coppcomp.png> <./moppcomp.png> <./Legende_comp.png>]
File: coppcomp.png Graphic file (type png)
 <use coppcomp.png>
Package pdftex.def Info: coppcomp.png used on input line 955.
(pdftex.def)             Requested size: 171.14764pt x 128.36009pt.
File: moppcomp.png Graphic file (type png)

<use moppcomp.png>
Package pdftex.def Info: moppcomp.png used on input line 955.
(pdftex.def)             Requested size: 171.14764pt x 128.36009pt.
File: Legende_comp.png Graphic file (type png)
 <use Legende_comp.png>
Package pdftex.def Info: Legende_comp.png used on input line 955.
(pdftex.def)             Requested size: 342.2953pt x 17.85002pt.

Overfull \vbox (13.76826pt too high) detected at line 955
 []

[98

]
File: coppcomp.png Graphic file (type png)
 <use coppcomp.png>
Package pdftex.def Info: coppcomp.png used on input line 955.
(pdftex.def)             Requested size: 171.14764pt x 128.36009pt.
File: moppcomp.png Graphic file (type png)
 <use moppcomp.png>
Package pdftex.def Info: moppcomp.png used on input line 955.
(pdftex.def)             Requested size: 171.14764pt x 128.36009pt.
File: Legende_comp.png Graphic file (type png)
 <use Legende_comp.png>
Package pdftex.def Info: Legende_comp.png used on input line 955.
(pdftex.def)             Requested size: 342.2953pt x 17.85002pt.

Overfull \vbox (13.76826pt too high) detected at line 955
 []

[99

]
File: coppcomp.png Graphic file (type png)
 <use coppcomp.png>
Package pdftex.def Info: coppcomp.png used on input line 955.
(pdftex.def)             Requested size: 171.14764pt x 128.36009pt.
File: moppcomp.png Graphic file (type png)
 <use moppcomp.png>
Package pdftex.def Info: moppcomp.png used on input line 955.
(pdftex.def)             Requested size: 171.14764pt x 128.36009pt.
File: Legende_comp.png Graphic file (type png)
 <use Legende_comp.png>
Package pdftex.def Info: Legende_comp.png used on input line 955.
(pdftex.def)             Requested size: 342.2953pt x 17.85002pt.

Overfull \vbox (13.76826pt too high) detected at line 955
 []

[100

] <cog.png, id=6422, 462.528pt x 346.896pt>
File: cog.png Graphic file (type png)
 <use cog.png>
Package pdftex.def Info: cog.png used on input line 993.
(pdftex.def)             Requested size: 171.14764pt x 128.36009pt.

<mog.png, id=6423, 462.528pt x 346.896pt>
File: mog.png Graphic file (type png)
 <use mog.png>
Package pdftex.def Info: mog.png used on input line 993.
(pdftex.def)             Requested size: 171.14764pt x 128.36009pt.

<legende_mw.png, id=6424, 566.115pt x 18.66975pt>
File: legende_mw.png Graphic file (type png)
 <use legende_mw.png>
Package pdftex.def Info: legende_mw.png used on input line 993.
(pdftex.def)             Requested size: 342.2953pt x 11.2888pt.

Overfull \vbox (6.59602pt too high) detected at line 993
 []

[101

 <./cog.png> <./mog.png> <./legende_mw.png>]
File: cog.png Graphic file (type png)
 <use cog.png>
Package pdftex.def Info: cog.png used on input line 993.
(pdftex.def)             Requested size: 171.14764pt x 128.36009pt.
File: mog.png Graphic file (type png)
 <use mog.png>
Package pdftex.def Info: mog.png used on input line 993.
(pdftex.def)             Requested size: 171.14764pt x 128.36009pt.
File: legende_mw.png Graphic file (type png)

<use legende_mw.png>
Package pdftex.def Info: legende_mw.png used on input line 993.
(pdftex.def)             Requested size: 342.2953pt x 11.2888pt.

Overfull \vbox (6.59602pt too high) detected at line 993
 []

[102

]
File: cog.png Graphic file (type png)
 <use cog.png>
Package pdftex.def Info: cog.png used on input line 993.
(pdftex.def)             Requested size: 171.14764pt x 128.36009pt.
File: mog.png Graphic file (type png)
 <use mog.png>
Package pdftex.def Info: mog.png used on input line 993.
(pdftex.def)             Requested size: 171.14764pt x 128.36009pt.
File: legende_mw.png Graphic file (type png)
 <use legende_mw.png>
Package pdftex.def Info: legende_mw.png used on input line 993.
(pdftex.def)             Requested size: 342.2953pt x 11.2888pt.

Overfull \vbox (6.59602pt too high) detected at line 993
 []

[103

]
File: cog.png Graphic file (type png)
 <use cog.png>
Package pdftex.def Info: cog.png used on input line 993.
(pdftex.def)             Requested size: 171.14764pt x 128.36009pt.
File: mog.png Graphic file (type png)
 <use mog.png>
Package pdftex.def Info: mog.png used on input line 993.
(pdftex.def)             Requested size: 171.14764pt x 128.36009pt.
File: legende_mw.png Graphic file (type png)
 <use legende_mw.png>
Package pdftex.def Info: legende_mw.png used on input line 993.
(pdftex.def)             Requested size: 342.2953pt x 11.2888pt.

Overfull \vbox (6.59602pt too high) detected at line 993
 []

[104

]
File: cog.png Graphic file (type png)
 <use cog.png>
Package pdftex.def Info: cog.png used on input line 993.
(pdftex.def)             Requested size: 171.14764pt x 128.36009pt.
File: mog.png Graphic file (type png)
 <use mog.png>
Package pdftex.def Info: mog.png used on input line 993.
(pdftex.def)             Requested size: 171.14764pt x 128.36009pt.
File: legende_mw.png Graphic file (type png)
 <use legende_mw.png>
Package pdftex.def Info: legende_mw.png used on input line 993.
(pdftex.def)             Requested size: 342.2953pt x 11.2888pt.

Overfull \vbox (6.59602pt too high) detected at line 993
 []

[105

] <gss.png, id=6738, 462.528pt x 346.896pt>
File: gss.png Graphic file (type png)
 <use gss.png>
Package pdftex.def Info: gss.png used on input line 1027.
(pdftex.def)             Requested size: 171.14764pt x 128.36009pt.

<imfil.png, id=6739, 462.528pt x 346.896pt>
File: imfil.png Graphic file (type png)
 <use imfil.png>
Package pdftex.def Info: imfil.png used on input line 1027.
(pdftex.def)             Requested size: 171.14764pt x 128.36009pt.
File: legende_mw.png Graphic file (type png)

<use legende_mw.png>
Package pdftex.def Info: legende_mw.png used on input line 1027.
(pdftex.def)             Requested size: 342.2953pt x 11.2888pt.
 [106

 <./gss.png> <./imfil.png>]
File: gss.png Graphic file (type png)
 <use gss.png>
Package pdftex.def Info: gss.png used on input line 1027.
(pdftex.def)             Requested size: 171.14764pt x 128.36009pt.
File: imfil.png Graphic file (type png)

<use imfil.png>
Package pdftex.def Info: imfil.png used on input line 1027.
(pdftex.def)             Requested size: 171.14764pt x 128.36009pt.
File: legende_mw.png Graphic file (type png)
 <use legende_mw.png>
Package pdftex.def Info: legende_mw.png used on input line 1027.
(pdftex.def)             Requested size: 342.2953pt x 11.2888pt.
 [107

]
File: gss.png Graphic file (type png)
 <use gss.png>
Package pdftex.def Info: gss.png used on input line 1027.
(pdftex.def)             Requested size: 171.14764pt x 128.36009pt.
File: imfil.png Graphic file (type png)
 <use imfil.png>
Package pdftex.def Info: imfil.png used on input line 1027.
(pdftex.def)             Requested size: 171.14764pt x 128.36009pt.
File: legende_mw.png Graphic file (type png)

<use legende_mw.png>
Package pdftex.def Info: legende_mw.png used on input line 1027.
(pdftex.def)             Requested size: 342.2953pt x 11.2888pt.
 [108

] <const.png, id=6927, 462.528pt x 346.896pt>
File: const.png Graphic file (type png)

<use const.png>
Package pdftex.def Info: const.png used on input line 1054.
(pdftex.def)             Requested size: 171.14764pt x 128.36009pt.
File: legende_mw.png Graphic file (type png)
 <use legende_mw.png>
Package pdftex.def Info: legende_mw.png used on input line 1054.
(pdftex.def)             Requested size: 342.2953pt x 11.2888pt.
 [109

 <./const.png>]
File: const.png Graphic file (type png)
 <use const.png>
Package pdftex.def Info: const.png used on input line 1054.
(pdftex.def)             Requested size: 171.14764pt x 128.36009pt.
File: legende_mw.png Graphic file (type png)

<use legende_mw.png>
Package pdftex.def Info: legende_mw.png used on input line 1054.
(pdftex.def)             Requested size: 342.2953pt x 11.2888pt.
 [110

]
File: const.png Graphic file (type png)
 <use const.png>
Package pdftex.def Info: const.png used on input line 1054.
(pdftex.def)             Requested size: 171.14764pt x 128.36009pt.
File: legende_mw.png Graphic file (type png)
 <use legende_mw.png>
Package pdftex.def Info: legende_mw.png used on input line 1054.
(pdftex.def)             Requested size: 342.2953pt x 11.2888pt.
 [111

]
<sty1.png, id=7115, 462.528pt x 346.896pt>
File: sty1.png Graphic file (type png)
 <use sty1.png>
Package pdftex.def Info: sty1.png used on input line 1079.
(pdftex.def)             Requested size: 171.14764pt x 128.36009pt.

<sty2.png, id=7116, 462.528pt x 346.896pt>
File: sty2.png Graphic file (type png)
 <use sty2.png>
Package pdftex.def Info: sty2.png used on input line 1079.
(pdftex.def)             Requested size: 171.14764pt x 128.36009pt.
 [112

 <./sty1.png> <./sty2.png>]
File: sty1.png Graphic file (type png)
 <use sty1.png>
Package pdftex.def Info: sty1.png used on input line 1079.
(pdftex.def)             Requested size: 171.14764pt x 128.36009pt.
File: sty2.png Graphic file (type png)
 <use sty2.png>
Package pdftex.def Info: sty2.png used on input line 1079.
(pdftex.def)             Requested size: 171.14764pt x 128.36009pt.
 [113

]
File: sty1.png Graphic file (type png)
 <use sty1.png>
Package pdftex.def Info: sty1.png used on input line 1079.
(pdftex.def)             Requested size: 171.14764pt x 128.36009pt.
File: sty2.png Graphic file (type png)
 <use sty2.png>
Package pdftex.def Info: sty2.png used on input line 1079.
(pdftex.def)             Requested size: 171.14764pt x 128.36009pt.

[114

] <sty3.png, id=7304, 462.528pt x 346.896pt>
File: sty3.png Graphic file (type png)
 <use sty3.png>
Package pdftex.def Info: sty3.png used on input line 1105.
(pdftex.def)             Requested size: 171.14764pt x 128.36009pt.

<sty4.png, id=7305, 462.528pt x 346.896pt>
File: sty4.png Graphic file (type png)
 <use sty4.png>
Package pdftex.def Info: sty4.png used on input line 1105.
(pdftex.def)             Requested size: 171.14764pt x 128.36009pt.
 [115

 <./sty3.png> <./sty4.png>]
File: sty3.png Graphic file (type png)
 <use sty3.png>
Package pdftex.def Info: sty3.png used on input line 1105.
(pdftex.def)             Requested size: 171.14764pt x 128.36009pt.
File: sty4.png Graphic file (type png)
 <use sty4.png>
Package pdftex.def Info: sty4.png used on input line 1105.
(pdftex.def)             Requested size: 171.14764pt x 128.36009pt.
 [116

]
File: sty3.png Graphic file (type png)
 <use sty3.png>
Package pdftex.def Info: sty3.png used on input line 1105.
(pdftex.def)             Requested size: 171.14764pt x 128.36009pt.
File: sty4.png Graphic file (type png)
 <use sty4.png>
Package pdftex.def Info: sty4.png used on input line 1105.
(pdftex.def)             Requested size: 171.14764pt x 128.36009pt.

[117

] (presentation2.toc)
Underfull \vbox (badness 10000) has occurred while \output is active []

 [118

]
[119] [120

] [121

] [122

] [123

] [124

] [125

] [126

] [127

] [128

] [129

] [130

]
[131

 <C:/Users/Loic/AppData/Roaming/MiKTeX/2.9/tex/latex/beamer/beamericonarticle.p
df>]
\tf@nav=\write6
\openout6 = `presentation2.nav'.

\tf@toc=\write7
\openout7 = `presentation2.toc'.

\tf@snm=\write8
\openout8 = `presentation2.snm'.

Package atveryend Info: Empty hook `BeforeClearDocument' on input line 1174.
Package atveryend Info: Empty hook `AfterLastShipout' on input line 1174.
 (presentation2.aux)
Package atveryend Info: Executing hook `AtVeryEndDocument' on input line 1174.
Package atveryend Info: Executing hook `AtEndAfterFileList' on input line 1174.

Package rerunfilecheck Info: File `presentation2.out' has not changed.
(rerunfilecheck)             Checksum: 70C2E9BF5FD425086296D7874019C82A;615.


LaTeX Warning: There were multiply-defined labels.

 ) 
Here is how much of TeX's memory you used:
 26145 strings out of 493333
 523677 string characters out of 3139197
 660541 words of memory out of 3000000
 28773 multiletter control sequences out of 15000+200000
 19249 words of font info for 69 fonts, out of 3000000 for 9000
 1141 hyphenation exceptions out of 8191
 56i,20n,69p,803b,923s stack positions out of 5000i,500n,10000p,200000b,50000s
<C:/Program Files/MiKTeX 2.9/fonts/type1/public/amsfonts/cm/cmcsc10.pfb><C:/P
rogram Files/MiKTeX 2.9/fonts/type1/public/amsfonts/cm/cmex10.pfb><C:/Program F
iles/MiKTeX 2.9/fonts/type1/public/amsfonts/cm/cmmi10.pfb><C:/Program Files/MiK
TeX 2.9/fonts/type1/public/amsfonts/cm/cmmi8.pfb><C:/Program Files/MiKTeX 2.9/f
onts/type1/public/amsfonts/cm/cmmi9.pfb><C:/Program Files/MiKTeX 2.9/fonts/type
1/public/amsfonts/cm/cmss10.pfb><C:/Program Files/MiKTeX 2.9/fonts/type1/public
/amsfonts/cm/cmss12.pfb><C:/Program Files/MiKTeX 2.9/fonts/type1/public/amsfont
s/cm/cmss8.pfb><C:/Program Files/MiKTeX 2.9/fonts/type1/public/amsfonts/cm/cmss
9.pfb><C:/Program Files/MiKTeX 2.9/fonts/type1/public/amsfonts/cm/cmssbx10.pfb>
<C:/Program Files/MiKTeX 2.9/fonts/type1/public/amsfonts/cm/cmssi10.pfb><C:/Pro
gram Files/MiKTeX 2.9/fonts/type1/public/amsfonts/cm/cmssi12.pfb><C:/Program Fi
les/MiKTeX 2.9/fonts/type1/public/amsfonts/cm/cmssi8.pfb><C:/Program Files/MiKT
eX 2.9/fonts/type1/public/amsfonts/cm/cmssi9.pfb><C:/Program Files/MiKTeX 2.9/f
onts/type1/public/amsfonts/cm/cmsy10.pfb><C:/Program Files/MiKTeX 2.9/fonts/typ
e1/public/amsfonts/cm/cmsy8.pfb><C:/Program Files/MiKTeX 2.9/fonts/type1/public
/amsfonts/cm/cmsy9.pfb><C:/Program Files/MiKTeX 2.9/fonts/type1/public/amsfonts
/symbols/msbm10.pfb><C:/Program Files/MiKTeX 2.9/fonts/type1/urw/zapfding/uzdr.
pfb>
Output written on presentation2.pdf (131 pages, 2757295 bytes).
PDF statistics:
 8498 PDF objects out of 8907 (max. 8388607)
 285 named destinations out of 1000 (max. 500000)
 240 words of extra memory for PDF output out of 10000 (max. 10000000)

